#
# There is insufficient memory for the Java Runtime Environment to continue.
# Native memory allocation (malloc) failed to allocate 32744 bytes for ChunkPool::allocate
# Possible reasons:
#   The system is out of physical RAM or swap space
#   In 32 bit mode, the process size limit was hit
# Possible solutions:
#   Reduce memory load on the system
#   Increase physical memory or swap space
#   Check if swap backing store is full
#   Use 64 bit Java on a 64 bit OS
#   Decrease Java heap size (-Xmx/-Xms)
#   Decrease number of Java threads
#   Decrease Java thread stack sizes (-Xss)
#   Set larger code cache with -XX:ReservedCodeCacheSize=
# This output file may be truncated or incomplete.
#
#  Out of Memory Error (allocation.cpp:273), pid=1400, tid=0x00000000000022cc
#
# JRE version: Java(TM) SE Runtime Environment (8.0_161-b12) (build 1.8.0_161-b12)
# Java VM: Java HotSpot(TM) 64-Bit Server VM (25.161-b12 mixed mode windows-amd64 compressed oops)
# Failed to write core dump. Minidumps are not enabled by default on client versions of Windows
#

---------------  T H R E A D  ---------------

Current thread (0x00000000080f8000):  JavaThread "main" [_thread_in_vm, id=8908, stack(0x00000000000f0000,0x00000000002e0000)]

Stack: [0x00000000000f0000,0x00000000002e0000]
[error occurred during error reporting (printing stack bounds), id 0xc0000005]

Native frames: (J=compiled Java code, j=interpreted, Vv=VM code, C=native code)

Java frames: (J=compiled Java code, j=interpreted, Vv=VM code)
J 1654  java.lang.ClassLoader.defineClass1(Ljava/lang/String;[BIILjava/security/ProtectionDomain;Ljava/lang/String;)Ljava/lang/Class; (0 bytes) @ 0x00000000087b879f [0x00000000087b8700+0x9f]
J 1526 C1 java.lang.ClassLoader.defineClass(Ljava/lang/String;[BIILjava/security/ProtectionDomain;)Ljava/lang/Class; (43 bytes) @ 0x000000000875954c [0x0000000008758f80+0x5cc]
J 507 C1 java.net.URLClassLoader.defineClass(Ljava/lang/String;Lsun/misc/Resource;)Ljava/lang/Class; (142 bytes) @ 0x000000000843b114 [0x0000000008439640+0x1ad4]
J 463 C1 java.net.URLClassLoader$1.run()Ljava/lang/Class; (63 bytes) @ 0x0000000008412bec [0x0000000008412920+0x2cc]
J 462 C1 java.net.URLClassLoader$1.run()Ljava/lang/Object; (5 bytes) @ 0x000000000841330c [0x0000000008413280+0x8c]
v  ~StubRoutines::call_stub
J 233  java.security.AccessController.doPrivileged(Ljava/security/PrivilegedExceptionAction;Ljava/security/AccessControlContext;)Ljava/lang/Object; (0 bytes) @ 0x000000000839d7a6 [0x000000000839d740+0x66]
J 425 C1 java.net.URLClassLoader.findClass(Ljava/lang/String;)Ljava/lang/Class; (47 bytes) @ 0x00000000084015c4 [0x0000000008401440+0x184]
J 212 C1 java.lang.ClassLoader.loadClass(Ljava/lang/String;Z)Ljava/lang/Class; (122 bytes) @ 0x0000000008393b0c [0x00000000083931c0+0x94c]
J 284 C1 sun.misc.Launcher$AppClassLoader.loadClass(Ljava/lang/String;Z)Ljava/lang/Class; (85 bytes) @ 0x00000000083b4ccc [0x00000000083b4340+0x98c]
J 283 C1 java.lang.ClassLoader.loadClass(Ljava/lang/String;)Ljava/lang/Class; (7 bytes) @ 0x00000000083b2b84 [0x00000000083b2a80+0x104]
v  ~StubRoutines::call_stub
J 1654  java.lang.ClassLoader.defineClass1(Ljava/lang/String;[BIILjava/security/ProtectionDomain;Ljava/lang/String;)Ljava/lang/Class; (0 bytes) @ 0x00000000087b879f [0x00000000087b8700+0x9f]
J 1526 C1 java.lang.ClassLoader.defineClass(Ljava/lang/String;[BIILjava/security/ProtectionDomain;)Ljava/lang/Class; (43 bytes) @ 0x000000000875954c [0x0000000008758f80+0x5cc]
J 507 C1 java.net.URLClassLoader.defineClass(Ljava/lang/String;Lsun/misc/Resource;)Ljava/lang/Class; (142 bytes) @ 0x000000000843b114 [0x0000000008439640+0x1ad4]
J 463 C1 java.net.URLClassLoader$1.run()Ljava/lang/Class; (63 bytes) @ 0x0000000008412bec [0x0000000008412920+0x2cc]
J 462 C1 java.net.URLClassLoader$1.run()Ljava/lang/Object; (5 bytes) @ 0x000000000841330c [0x0000000008413280+0x8c]
v  ~StubRoutines::call_stub
J 233  java.security.AccessController.doPrivileged(Ljava/security/PrivilegedExceptionAction;Ljava/security/AccessControlContext;)Ljava/lang/Object; (0 bytes) @ 0x000000000839d7a6 [0x000000000839d740+0x66]
J 425 C1 java.net.URLClassLoader.findClass(Ljava/lang/String;)Ljava/lang/Class; (47 bytes) @ 0x00000000084015c4 [0x0000000008401440+0x184]
J 212 C1 java.lang.ClassLoader.loadClass(Ljava/lang/String;Z)Ljava/lang/Class; (122 bytes) @ 0x0000000008393b0c [0x00000000083931c0+0x94c]
J 284 C1 sun.misc.Launcher$AppClassLoader.loadClass(Ljava/lang/String;Z)Ljava/lang/Class; (85 bytes) @ 0x00000000083b4ccc [0x00000000083b4340+0x98c]
J 283 C1 java.lang.ClassLoader.loadClass(Ljava/lang/String;)Ljava/lang/Class; (7 bytes) @ 0x00000000083b2b84 [0x00000000083b2a80+0x104]
v  ~StubRoutines::call_stub
j  java.lang.Class.getDeclaredMethods0(Z)[Ljava/lang/reflect/Method;+0
j  java.lang.Class.privateGetDeclaredMethods(Z)[Ljava/lang/reflect/Method;+37
j  java.lang.Class.privateGetPublicMethods()[Ljava/lang/reflect/Method;+33
j  java.lang.Class.privateGetPublicMethods()[Ljava/lang/reflect/Method;+128
j  java.lang.Class.getMethods()[Ljava/lang/reflect/Method;+10
j  scala.Enumeration.populateNameMap()V+19
j  scala.Enumeration.$anonfun$nameOf$1(Lscala/Enumeration;I)Ljava/lang/String;+1
j  scala.Enumeration$$Lambda$97.apply()Ljava/lang/Object;+8
j  scala.collection.MapLike.getOrElse(Ljava/lang/Object;Lscala/Function0;)Ljava/lang/Object;+41
j  scala.collection.MapLike.getOrElse$(Lscala/collection/MapLike;Ljava/lang/Object;Lscala/Function0;)Ljava/lang/Object;+3
j  scala.collection.AbstractMap.getOrElse(Ljava/lang/Object;Lscala/Function0;)Ljava/lang/Object;+3
j  scala.Enumeration.scala$Enumeration$$nameOf(I)Ljava/lang/String;+15
j  scala.Enumeration$Val.toString()Ljava/lang/String;+20
j  java.lang.String.valueOf(Ljava/lang/Object;)Ljava/lang/String;+10
j  java.lang.StringBuilder.append(Ljava/lang/Object;)Ljava/lang/StringBuilder;+2
j  kr.lucypark.okt.OktInterface.tokenize(Ljava/lang/String;Ljava/lang/Boolean;Ljava/lang/Boolean;)Ljava/util/List;+139
v  ~StubRoutines::call_stub

---------------  P R O C E S S  ---------------

Java Threads: ( => current thread )
  0x000000001caeb000 JavaThread "Thread-0" [_thread_blocked, id=7732, stack(0x000000001e180000,0x000000001e370000)]
  0x000000001cac2000 JavaThread "Service Thread" daemon [_thread_blocked, id=7708, stack(0x000000001dc50000,0x000000001de40000)]
  0x000000001ca49000 JavaThread "C1 CompilerThread2" daemon [_thread_blocked, id=7264, stack(0x000000001d990000,0x000000001db80000)]
  0x000000001ca31000 JavaThread "C2 CompilerThread1" daemon [_thread_blocked, id=7684, stack(0x000000001d700000,0x000000001d8f0000)]
  0x000000001ca1a800 JavaThread "C2 CompilerThread0" daemon [_thread_in_native, id=8812, stack(0x000000001d480000,0x000000001d670000)]
  0x000000001b283000 JavaThread "Attach Listener" daemon [_thread_blocked, id=8412, stack(0x000000001d1b0000,0x000000001d3a0000)]
  0x000000001b282000 JavaThread "Signal Dispatcher" daemon [_thread_blocked, id=5364, stack(0x000000001cf60000,0x000000001d150000)]
  0x000000001b26e000 JavaThread "Finalizer" daemon [_thread_blocked, id=8356, stack(0x000000001c820000,0x000000001ca10000)]
  0x000000001b227000 JavaThread "Reference Handler" daemon [_thread_blocked, id=6700, stack(0x000000001c470000,0x000000001c660000)]
=>0x00000000080f8000 JavaThread "main" [_thread_in_vm, id=8908, stack(0x00000000000f0000,0x00000000002e0000)]

Other Threads:
  0x000000001b21f800 VMThread [stack: 0x000000001c140000,0x000000001c330000] [id=6576]
  0x000000001ca70800 WatcherThread [stack: 0x000000001de40000,0x000000001e030000] [id=8028]

VM state:not at safepoint (normal execution)

VM Mutex/Monitor currently owned by a thread: None

Heap:
 PSYoungGen      total 38400K, used 23191K [0x00000000eab00000, 0x00000000ed580000, 0x0000000100000000)
  eden space 33280K, 54% used [0x00000000eab00000,0x00000000ebca73b8,0x00000000ecb80000)
  from space 5120K, 99% used [0x00000000ecb80000,0x00000000ed07e900,0x00000000ed080000)
  to   space 5120K, 0% used [0x00000000ed080000,0x00000000ed080000,0x00000000ed580000)
 ParOldGen       total 87552K, used 44857K [0x00000000c0000000, 0x00000000c5580000, 0x00000000eab00000)
  object space 87552K, 51% used [0x00000000c0000000,0x00000000c2bce750,0x00000000c5580000)
 Metaspace       used 12033K, capacity 12576K, committed 12672K, reserved 1060864K
  class space    used 1806K, capacity 1901K, committed 1920K, reserved 1048576K

Card table byte_map: [0x00000000175c0000,0x00000000177d0000] byte_map_base: 0x0000000016fc0000

Marking Bits: (ParMarkBitMap*) 0x000000007086f860
 Begin Bits: [0x0000000018690000, 0x0000000019690000)
 End Bits:   [0x0000000019690000, 0x000000001a690000)

Polling page: 0x00000000081c0000

CodeCache: size=245760Kb used=6174Kb max_used=6186Kb free=239585Kb
 bounds [0x0000000008200000, 0x0000000008810000, 0x0000000017200000]
 total_blobs=2165 nmethods=1849 adapters=228
 compilation: enabled

Compilation events (10 events):
Event: 13.800 Thread 0x000000001ca49000 nmethod 1843 0x0000000008808790 code [0x00000000088088e0, 0x00000000088089f0]
Event: 13.800 Thread 0x000000001ca31000 nmethod 1842 0x000000000880b750 code [0x000000000880b8a0, 0x000000000880b998]
Event: 13.800 Thread 0x000000001ca31000 1846       4       scala.collection.mutable.ListBuffer::<init> (38 bytes)
Event: 13.800 Thread 0x000000001ca31000 nmethod 1846 0x000000000880ba90 code [0x000000000880bbc0, 0x000000000880bc38]
Event: 13.802 Thread 0x000000001ca49000 1849       3       java.util.regex.Matcher::group (112 bytes)
Event: 13.802 Thread 0x000000001ca49000 nmethod 1849 0x000000000880a190 code [0x000000000880a3e0, 0x000000000880b148]
Event: 13.802 Thread 0x000000001ca49000 1850       3       java.util.regex.Matcher::groupCount (10 bytes)
Event: 13.802 Thread 0x000000001ca49000 nmethod 1850 0x0000000008809e50 code [0x0000000008809fa0, 0x000000000880a0f0]
Event: 13.802 Thread 0x000000001ca31000 1851   !   4       java.util.zip.Inflater::inflate (113 bytes)
Event: 13.805 Thread 0x000000001ca31000 nmethod 1851 0x0000000008809550 code [0x00000000088096a0, 0x0000000008809b68]

GC Heap History (10 events):
Event: 13.352 GC heap before
{Heap before GC invocations=5 (full 0):
 PSYoungGen      total 38400K, used 38395K [0x00000000eab00000, 0x00000000ed580000, 0x0000000100000000)
  eden space 33280K, 100% used [0x00000000eab00000,0x00000000ecb80000,0x00000000ecb80000)
  from space 5120K, 99% used [0x00000000ed080000,0x00000000ed57efa0,0x00000000ed580000)
  to   space 5120K, 0% used [0x00000000ecb80000,0x00000000ecb80000,0x00000000ed080000)
 ParOldGen       total 87552K, used 20749K [0x00000000c0000000, 0x00000000c5580000, 0x00000000eab00000)
  object space 87552K, 23% used [0x00000000c0000000,0x00000000c1443598,0x00000000c5580000)
 Metaspace       used 10519K, capacity 10954K, committed 11264K, reserved 1058816K
  class space    used 1576K, capacity 1667K, committed 1792K, reserved 1048576K
Event: 13.359 GC heap after
Heap after GC invocations=5 (full 0):
 PSYoungGen      total 38400K, used 5094K [0x00000000eab00000, 0x00000000ed580000, 0x0000000100000000)
  eden space 33280K, 0% used [0x00000000eab00000,0x00000000eab00000,0x00000000ecb80000)
  from space 5120K, 99% used [0x00000000ecb80000,0x00000000ed079a18,0x00000000ed080000)
  to   space 5120K, 0% used [0x00000000ed080000,0x00000000ed080000,0x00000000ed580000)
 ParOldGen       total 87552K, used 23989K [0x00000000c0000000, 0x00000000c5580000, 0x00000000eab00000)
  object space 87552K, 27% used [0x00000000c0000000,0x00000000c176d598,0x00000000c5580000)
 Metaspace       used 10519K, capacity 10954K, committed 11264K, reserved 1058816K
  class space    used 1576K, capacity 1667K, committed 1792K, reserved 1048576K
}
Event: 13.384 GC heap before
{Heap before GC invocations=6 (full 0):
 PSYoungGen      total 38400K, used 38374K [0x00000000eab00000, 0x00000000ed580000, 0x0000000100000000)
  eden space 33280K, 100% used [0x00000000eab00000,0x00000000ecb80000,0x00000000ecb80000)
  from space 5120K, 99% used [0x00000000ecb80000,0x00000000ed079a18,0x00000000ed080000)
  to   space 5120K, 0% used [0x00000000ed080000,0x00000000ed080000,0x00000000ed580000)
 ParOldGen       total 87552K, used 23989K [0x00000000c0000000, 0x00000000c5580000, 0x00000000eab00000)
  object space 87552K, 27% used [0x00000000c0000000,0x00000000c176d598,0x00000000c5580000)
 Metaspace       used 10520K, capacity 10954K, committed 11264K, reserved 1058816K
  class space    used 1576K, capacity 1667K, committed 1792K, reserved 1048576K
Event: 13.391 GC heap after
Heap after GC invocations=6 (full 0):
 PSYoungGen      total 38400K, used 5100K [0x00000000eab00000, 0x00000000ed580000, 0x0000000100000000)
  eden space 33280K, 0% used [0x00000000eab00000,0x00000000eab00000,0x00000000ecb80000)
  from space 5120K, 99% used [0x00000000ed080000,0x00000000ed57b288,0x00000000ed580000)
  to   space 5120K, 0% used [0x00000000ecb80000,0x00000000ecb80000,0x00000000ed080000)
 ParOldGen       total 87552K, used 27437K [0x00000000c0000000, 0x00000000c5580000, 0x00000000eab00000)
  object space 87552K, 31% used [0x00000000c0000000,0x00000000c1acb598,0x00000000c5580000)
 Metaspace       used 10520K, capacity 10954K, committed 11264K, reserved 1058816K
  class space    used 1576K, capacity 1667K, committed 1792K, reserved 1048576K
}
Event: 13.414 GC heap before
{Heap before GC invocations=7 (full 0):
 PSYoungGen      total 38400K, used 38380K [0x00000000eab00000, 0x00000000ed580000, 0x0000000100000000)
  eden space 33280K, 100% used [0x00000000eab00000,0x00000000ecb80000,0x00000000ecb80000)
  from space 5120K, 99% used [0x00000000ed080000,0x00000000ed57b288,0x00000000ed580000)
  to   space 5120K, 0% used [0x00000000ecb80000,0x00000000ecb80000,0x00000000ed080000)
 ParOldGen       total 87552K, used 27437K [0x00000000c0000000, 0x00000000c5580000, 0x00000000eab00000)
  object space 87552K, 31% used [0x00000000c0000000,0x00000000c1acb598,0x00000000c5580000)
 Metaspace       used 10520K, capacity 10954K, committed 11264K, reserved 1058816K
  class space    used 1576K, capacity 1667K, committed 1792K, reserved 1048576K
Event: 13.421 GC heap after
Heap after GC invocations=7 (full 0):
 PSYoungGen      total 38400K, used 3904K [0x00000000eab00000, 0x00000000ed580000, 0x0000000100000000)
  eden space 33280K, 0% used [0x00000000eab00000,0x00000000eab00000,0x00000000ecb80000)
  from space 5120K, 76% used [0x00000000ecb80000,0x00000000ecf50000,0x00000000ed080000)
  to   space 5120K, 0% used [0x00000000ed080000,0x00000000ed080000,0x00000000ed580000)
 ParOldGen       total 87552K, used 32243K [0x00000000c0000000, 0x00000000c5580000, 0x00000000eab00000)
  object space 87552K, 36% used [0x00000000c0000000,0x00000000c1f7ce00,0x00000000c5580000)
 Metaspace       used 10520K, capacity 10954K, committed 11264K, reserved 1058816K
  class space    used 1576K, capacity 1667K, committed 1792K, reserved 1048576K
}
Event: 13.503 GC heap before
{Heap before GC invocations=8 (full 0):
 PSYoungGen      total 38400K, used 37184K [0x00000000eab00000, 0x00000000ed580000, 0x0000000100000000)
  eden space 33280K, 100% used [0x00000000eab00000,0x00000000ecb80000,0x00000000ecb80000)
  from space 5120K, 76% used [0x00000000ecb80000,0x00000000ecf50000,0x00000000ed080000)
  to   space 5120K, 0% used [0x00000000ed080000,0x00000000ed080000,0x00000000ed580000)
 ParOldGen       total 87552K, used 32243K [0x00000000c0000000, 0x00000000c5580000, 0x00000000eab00000)
  object space 87552K, 36% used [0x00000000c0000000,0x00000000c1f7ce00,0x00000000c5580000)
 Metaspace       used 10529K, capacity 10954K, committed 11264K, reserved 1058816K
  class space    used 1576K, capacity 1667K, committed 1792K, reserved 1048576K
Event: 13.511 GC heap after
Heap after GC invocations=8 (full 0):
 PSYoungGen      total 38400K, used 5108K [0x00000000eab00000, 0x00000000ed580000, 0x0000000100000000)
  eden space 33280K, 0% used [0x00000000eab00000,0x00000000eab00000,0x00000000ecb80000)
  from space 5120K, 99% used [0x00000000ed080000,0x00000000ed57d388,0x00000000ed580000)
  to   space 5120K, 0% used [0x00000000ecb80000,0x00000000ecb80000,0x00000000ed080000)
 ParOldGen       total 87552K, used 36867K [0x00000000c0000000, 0x00000000c5580000, 0x00000000eab00000)
  object space 87552K, 42% used [0x00000000c0000000,0x00000000c2400e20,0x00000000c5580000)
 Metaspace       used 10529K, capacity 10954K, committed 11264K, reserved 1058816K
  class space    used 1576K, capacity 1667K, committed 1792K, reserved 1048576K
}
Event: 13.691 GC heap before
{Heap before GC invocations=9 (full 0):
 PSYoungGen      total 38400K, used 38388K [0x00000000eab00000, 0x00000000ed580000, 0x0000000100000000)
  eden space 33280K, 100% used [0x00000000eab00000,0x00000000ecb80000,0x00000000ecb80000)
  from space 5120K, 99% used [0x00000000ed080000,0x00000000ed57d388,0x00000000ed580000)
  to   space 5120K, 0% used [0x00000000ecb80000,0x00000000ecb80000,0x00000000ed080000)
 ParOldGen       total 87552K, used 36867K [0x00000000c0000000, 0x00000000c5580000, 0x00000000eab00000)
  object space 87552K, 42% used [0x00000000c0000000,0x00000000c2400e20,0x00000000c5580000)
 Metaspace       used 11452K, capacity 11966K, committed 12160K, reserved 1058816K
  class space    used 1742K, capacity 1840K, committed 1920K, reserved 1048576K
Event: 13.702 GC heap after
Heap after GC invocations=9 (full 0):
 PSYoungGen      total 38400K, used 5114K [0x00000000eab00000, 0x00000000ed580000, 0x0000000100000000)
  eden space 33280K, 0% used [0x00000000eab00000,0x00000000eab00000,0x00000000ecb80000)
  from space 5120K, 99% used [0x00000000ecb80000,0x00000000ed07e900,0x00000000ed080000)
  to   space 5120K, 0% used [0x00000000ed080000,0x00000000ed080000,0x00000000ed580000)
 ParOldGen       total 87552K, used 44857K [0x00000000c0000000, 0x00000000c5580000, 0x00000000eab00000)
  object space 87552K, 51% used [0x00000000c0000000,0x00000000c2bce750,0x00000000c5580000)
 Metaspace       used 11452K, capacity 11966K, committed 12160K, reserved 1058816K
  class space    used 1742K, capacity 1840K, committed 1920K, reserved 1048576K
}

Deoptimization events (10 events):
Event: 13.756 Thread 0x00000000080f8000 Uncommon trap: reason=bimorphic action=maybe_recompile pc=0x00000000086deea4 method=scala.collection.IndexedSeqOptimized.foreach(Lscala/Function1;)V @ 3
Event: 13.756 Thread 0x00000000080f8000 Uncommon trap: reason=class_check action=maybe_recompile pc=0x00000000086f95f4 method=scala.collection.mutable.Builder.sizeHint(Lscala/collection/TraversableLike;)V @ 31
Event: 13.756 Thread 0x00000000080f8000 Uncommon trap: reason=bimorphic action=maybe_recompile pc=0x00000000085fc92c method=scala.runtime.Statics.anyHash(Ljava/lang/Object;)I @ 61
Event: 13.756 Thread 0x00000000080f8000 Uncommon trap: reason=bimorphic action=maybe_recompile pc=0x000000000871425c method=scala.runtime.Statics.anyHash(Ljava/lang/Object;)I @ 61
Event: 13.756 Thread 0x00000000080f8000 Uncommon trap: reason=class_check action=maybe_recompile pc=0x00000000086f95f4 method=scala.collection.mutable.Builder.sizeHint(Lscala/collection/TraversableLike;)V @ 31
Event: 13.757 Thread 0x00000000080f8000 Uncommon trap: reason=bimorphic action=maybe_recompile pc=0x0000000008727d90 method=scala.collection.IterableLike.foreach(Lscala/Function1;)V @ 1
Event: 13.765 Thread 0x00000000080f8000 Uncommon trap: reason=unstable_if action=reinterpret pc=0x0000000008707720 method=java.lang.String.startsWith(Ljava/lang/String;I)Z @ 25
Event: 13.766 Thread 0x00000000080f8000 Uncommon trap: reason=unstable_if action=reinterpret pc=0x00000000083907b8 method=java.lang.String.startsWith(Ljava/lang/String;I)Z @ 25
Event: 13.776 Thread 0x00000000080f8000 Uncommon trap: reason=unstable_if action=reinterpret pc=0x0000000008700eec method=scala.collection.immutable.HashMap$HashMap1.contains0(Ljava/lang/Object;II)Z @ 5
Event: 13.779 Thread 0x00000000080f8000 Uncommon trap: reason=unstable_if action=reinterpret pc=0x00000000086f6e20 method=scala.collection.immutable.HashMap$HashMap1.contains0(Ljava/lang/Object;II)Z @ 5

Classes redefined (0 events):
No events

Internal exceptions (10 events):
Event: 13.617 Thread 0x00000000080f8000 Exception <a 'java/lang/NoSuchMethodError': java.lang.Object.$anonfun$foreach$2(Lscala/collection/TraversableViewLike$Mapped;Lscala/Function1;Ljava/lang/Object;)Ljava/lang/Object;> (0x00000000eb5540e0) thrown at [C:\re\workspace\8-2-build-windows-amd64-cy
Event: 13.617 Thread 0x00000000080f8000 Exception <a 'java/lang/NoSuchMethodError': java.lang.Object.$anonfun$foreach$5(Lscala/collection/TraversableViewLike$Filtered;Lscala/Function1;Ljava/lang/Object;)Ljava/lang/Object;> (0x00000000eb5595e8) thrown at [C:\re\workspace\8-2-build-windows-amd64-
Event: 13.621 Thread 0x00000000080f8000 Exception <a 'java/lang/NoSuchMethodError': java.lang.Object.$anonfun$count$1$adapted(Lscala/Function1;Lscala/runtime/IntRef;Ljava/lang/Object;)Ljava/lang/Object;> (0x00000000eb582590) thrown at [C:\re\workspace\8-2-build-windows-amd64-cygwin\jdk8u161\102
Event: 13.638 Thread 0x00000000080f8000 Exception <a 'java/lang/NoSuchMethodError': java.lang.Object.$anonfun$sliding$1(Lscala/collection/IterableLike;Lscala/collection/Seq;)Ljava/lang/Object;> (0x00000000eb5e6a60) thrown at [C:\re\workspace\8-2-build-windows-amd64-cygwin\jdk8u161\10277\hotspot
Event: 13.643 Thread 0x00000000080f8000 Exception <a 'java/lang/NoSuchMethodError': java.lang.Object.$anonfun$sum$1(Lscala/math/Numeric;Ljava/lang/Object;Ljava/lang/Object;)Ljava/lang/Object;> (0x00000000eb62e838) thrown at [C:\re\workspace\8-2-build-windows-amd64-cygwin\jdk8u161\10277\hotspot\
Event: 13.737 Thread 0x00000000080f8000 Exception <a 'java/lang/NoSuchMethodError': java.lang.Object.$anonfun$distinct$1(Lscala/collection/mutable/Builder;Lscala/collection/mutable/HashSet;Ljava/lang/Object;)Ljava/lang/Object;> (0x00000000eb9b0d78) thrown at [C:\re\workspace\8-2-build-windows-a
Event: 13.764 Thread 0x00000000080f8000 Exception <a 'java/lang/NoSuchMethodError': java.lang.Object.$anonfun$releaseVersion$1$adapted(Ljava/lang/String;)Ljava/lang/Object;> (0x00000000eba62c88) thrown at [C:\re\workspace\8-2-build-windows-amd64-cygwin\jdk8u161\10277\hotspot\src\share\vm\interp
Event: 13.765 Thread 0x00000000080f8000 Exception <a 'java/lang/NoSuchMethodError': java.lang.Object.$anonfun$releaseVersion$2(Ljava/lang/String;)Ljava/lang/String;> (0x00000000eba6d450) thrown at [C:\re\workspace\8-2-build-windows-amd64-cygwin\jdk8u161\10277\hotspot\src\share\vm\interpreter\li
Event: 13.765 Thread 0x00000000080f8000 Exception <a 'java/lang/NoSuchMethodError': java.lang.Object.$anonfun$developmentVersion$1$adapted(Ljava/lang/String;)Ljava/lang/Object;> (0x00000000eba94890) thrown at [C:\re\workspace\8-2-build-windows-amd64-cygwin\jdk8u161\10277\hotspot\src\share\vm\in
Event: 13.765 Thread 0x00000000080f8000 Exception <a 'java/lang/NoSuchMethodError': java.lang.Object.$anonfun$developmentVersion$2(Lscala/util/PropertiesTrait;Ljava/lang/String;)Lscala/Option;> (0x00000000eba98658) thrown at [C:\re\workspace\8-2-build-windows-amd64-cygwin\jdk8u161\10277\hotspot

Events (10 events):
Event: 13.807 loading class scala/Enumeration$ValueSet
Event: 13.807 loading class scala/Enumeration$ValueSet done
Event: 13.807 loading class scala/collection/immutable/SortedSet
Event: 13.807 loading class scala/collection/immutable/SortedSet done
Event: 13.807 loading class scala/collection/SortedSet
Event: 13.807 loading class scala/collection/SortedSet done
Event: 13.808 loading class scala/collection/SortedSetLike
Event: 13.808 loading class scala/collection/SortedSetLike done
Event: 13.808 loading class scala/collection/generic/Sorted
Event: 13.808 loading class scala/collection/generic/Sorted done


Dynamic libraries:
0x000000013f460000 - 0x000000013f47c000 	C:\ProgramData\Anaconda3\python.exe
0x0000000077c00000 - 0x0000000077d9f000 	C:\Windows\SYSTEM32\ntdll.dll
0x00000000779e0000 - 0x0000000077aff000 	C:\Windows\system32\kernel32.dll
0x000007fefd900000 - 0x000007fefd96a000 	C:\Windows\system32\KERNELBASE.dll
0x000007fed41f0000 - 0x000007fed45b4000 	C:\ProgramData\Anaconda3\python37.dll
0x000007fefc940000 - 0x000007fefc94c000 	C:\Windows\system32\VERSION.dll
0x000007feffbf0000 - 0x000007feffc8f000 	C:\Windows\system32\msvcrt.dll
0x000007fefe6a0000 - 0x000007fefe711000 	C:\Windows\system32\SHLWAPI.dll
0x000007feffcf0000 - 0x000007feffd57000 	C:\Windows\system32\GDI32.dll
0x0000000077b00000 - 0x0000000077bfa000 	C:\Windows\system32\USER32.dll
0x000007fefdfc0000 - 0x000007fefdfce000 	C:\Windows\system32\LPK.dll
0x000007feff920000 - 0x000007feff9eb000 	C:\Windows\system32\USP10.dll
0x000007feffc90000 - 0x000007feffcdd000 	C:\Windows\system32\WS2_32.dll
0x000007fefe570000 - 0x000007fefe69c000 	C:\Windows\system32\RPCRT4.dll
0x000007feffce0000 - 0x000007feffce8000 	C:\Windows\system32\NSI.dll
0x000007fefe490000 - 0x000007fefe56b000 	C:\Windows\system32\ADVAPI32.dll
0x000007feff820000 - 0x000007feff83f000 	C:\Windows\SYSTEM32\sechost.dll
0x000007fef7300000 - 0x000007fef7316000 	C:\ProgramData\Anaconda3\VCRUNTIME140.dll
0x000007fef7910000 - 0x000007fef7914000 	C:\ProgramData\Anaconda3\api-ms-win-crt-runtime-l1-1-0.dll
0x000007fed4830000 - 0x000007fed492a000 	C:\ProgramData\Anaconda3\ucrtbase.DLL
0x000007feecef0000 - 0x000007feecef3000 	C:\ProgramData\Anaconda3\api-ms-win-core-localization-l1-2-0.dll
0x000007feebf00000 - 0x000007feebf03000 	C:\ProgramData\Anaconda3\api-ms-win-core-processthreads-l1-1-1.dll
0x000007feebce0000 - 0x000007feebce3000 	C:\ProgramData\Anaconda3\api-ms-win-core-file-l1-2-0.dll
0x000007feebcd0000 - 0x000007feebcd3000 	C:\ProgramData\Anaconda3\api-ms-win-core-timezone-l1-1-0.dll
0x000007feebae0000 - 0x000007feebae3000 	C:\ProgramData\Anaconda3\api-ms-win-core-file-l2-1-0.dll
0x000007feeb990000 - 0x000007feeb993000 	C:\ProgramData\Anaconda3\api-ms-win-core-synch-l1-2-0.dll
0x000007feeb980000 - 0x000007feeb984000 	C:\ProgramData\Anaconda3\api-ms-win-crt-string-l1-1-0.dll
0x000007feeb970000 - 0x000007feeb973000 	C:\ProgramData\Anaconda3\api-ms-win-crt-heap-l1-1-0.dll
0x000007feeb960000 - 0x000007feeb964000 	C:\ProgramData\Anaconda3\api-ms-win-crt-stdio-l1-1-0.dll
0x000007feeb950000 - 0x000007feeb954000 	C:\ProgramData\Anaconda3\api-ms-win-crt-convert-l1-1-0.dll
0x000007feeb3e0000 - 0x000007feeb3e5000 	C:\ProgramData\Anaconda3\api-ms-win-crt-math-l1-1-0.dll
0x000007feeb3d0000 - 0x000007feeb3d3000 	C:\ProgramData\Anaconda3\api-ms-win-crt-locale-l1-1-0.dll
0x000007feeb3c0000 - 0x000007feeb3c3000 	C:\ProgramData\Anaconda3\api-ms-win-crt-time-l1-1-0.dll
0x000007feeb3b0000 - 0x000007feeb3b3000 	C:\ProgramData\Anaconda3\api-ms-win-crt-environment-l1-1-0.dll
0x000007feeb2c0000 - 0x000007feeb2c3000 	C:\ProgramData\Anaconda3\api-ms-win-crt-process-l1-1-0.dll
0x000007feeb2b0000 - 0x000007feeb2b3000 	C:\ProgramData\Anaconda3\api-ms-win-crt-conio-l1-1-0.dll
0x000007feeb2a0000 - 0x000007feeb2a3000 	C:\ProgramData\Anaconda3\api-ms-win-crt-filesystem-l1-1-0.dll
0x000007fefe070000 - 0x000007fefe09e000 	C:\Windows\system32\IMM32.DLL
0x000007fefe140000 - 0x000007fefe249000 	C:\Windows\system32\MSCTF.dll
0x000007fefce80000 - 0x000007fefce98000 	C:\Windows\system32\CRYPTSP.dll
0x000007fefcb80000 - 0x000007fefcbc7000 	C:\Windows\system32\rsaenh.dll
0x000007fefd540000 - 0x000007fefd54f000 	C:\Windows\system32\CRYPTBASE.dll
0x000007feeae20000 - 0x000007feeae2f000 	C:\ProgramData\Anaconda3\python3.dll
0x000007feeae00000 - 0x000007feeae18000 	C:\ProgramData\Anaconda3\DLLs\_bz2.pyd
0x000007fee0b90000 - 0x000007fee0bd1000 	C:\ProgramData\Anaconda3\DLLs\_lzma.pyd
0x000007feea7d0000 - 0x000007feea7dd000 	C:\ProgramData\Anaconda3\DLLs\_hashlib.pyd
0x000007fed3470000 - 0x000007fed37b7000 	C:\ProgramData\Anaconda3\Library\bin\libcrypto-1_1-x64.dll
0x000007fefd020000 - 0x000007fefd042000 	C:\Windows\system32\bcrypt.dll
0x000007fef5f50000 - 0x000007fef5f53000 	C:\Windows\system32\api-ms-win-crt-utility-l1-1-0.dll
0x000007feea810000 - 0x000007feea833000 	C:\ProgramData\Anaconda3\DLLs\_ctypes.pyd
0x000007feff9f0000 - 0x000007feffbef000 	C:\Windows\system32\ole32.dll
0x000007feff840000 - 0x000007feff91b000 	C:\Windows\system32\OLEAUT32.dll
0x000007fefe720000 - 0x000007feff4ab000 	C:\Windows\system32\shell32.DLL
0x000007fee06b0000 - 0x000007fee06c5000 	C:\ProgramData\Anaconda3\DLLs\_socket.pyd
0x000007fee01e0000 - 0x000007fee01e9000 	C:\ProgramData\Anaconda3\DLLs\select.pyd
0x000007fedff00000 - 0x000007fedff1f000 	C:\ProgramData\Anaconda3\DLLs\_ssl.pyd
0x000007fefd720000 - 0x000007fefd88d000 	C:\Windows\system32\CRYPT32.dll
0x000007fefd6e0000 - 0x000007fefd6ef000 	C:\Windows\system32\MSASN1.dll
0x000007fedf7a0000 - 0x000007fedf84c000 	C:\ProgramData\Anaconda3\Library\bin\libssl-1_1-x64.dll
0x000007fed2a40000 - 0x000007fed2a48000 	C:\ProgramData\Anaconda3\DLLs\_contextvars.pyd
0x000007fed2a20000 - 0x000007fed2a33000 	C:\ProgramData\Anaconda3\DLLs\_asyncio.pyd
0x000007fed2a10000 - 0x000007fed2a1d000 	C:\ProgramData\Anaconda3\DLLs\_overlapped.pyd
0x000007fefce20000 - 0x000007fefce75000 	C:\Windows\system32\mswsock.dll
0x000007fefc360000 - 0x000007fefc367000 	C:\Windows\System32\wshtcpip.dll
0x000007fed26c0000 - 0x000007fed26d7000 	C:\ProgramData\Anaconda3\DLLs\_sqlite3.pyd
0x000007fed25c0000 - 0x000007fed26bd000 	C:\ProgramData\Anaconda3\Library\bin\sqlite3.dll
0x000007fee01d0000 - 0x000007fee01d9000 	C:\ProgramData\Anaconda3\DLLs\_queue.pyd
0x000007fed2ea0000 - 0x000007fed2fa9000 	C:\ProgramData\Anaconda3\DLLs\unicodedata.pyd
0x000007fed29f0000 - 0x000007fed2a03000 	C:\ProgramData\Anaconda3\lib\site-packages\zmq\backend\cython\constants.cp37-win_amd64.pyd
0x000007fed29e0000 - 0x000007fed29ed000 	C:\ProgramData\Anaconda3\lib\site-packages\zmq\backend\cython\error.cp37-win_amd64.pyd
0x000007fed2800000 - 0x000007fed2870000 	C:\ProgramData\Anaconda3\Library\bin\libzmq-mt-4_2_5.dll
0x000007fed27b0000 - 0x000007fed27fb000 	C:\ProgramData\Anaconda3\Library\bin\libsodium.dll
0x000007fefad10000 - 0x000007fefad37000 	C:\Windows\system32\IPHLPAPI.DLL
0x000007fefacd0000 - 0x000007fefacdb000 	C:\Windows\system32\WINNSI.DLL
0x000007fef75d0000 - 0x000007fef766e000 	C:\Windows\system32\MSVCP140.dll
0x000007fef5f10000 - 0x000007fef5f15000 	C:\Windows\system32\api-ms-win-crt-multibyte-l1-1-0.dll
0x000007fed29c0000 - 0x000007fed29da000 	C:\ProgramData\Anaconda3\lib\site-packages\zmq\backend\cython\message.cp37-win_amd64.pyd
0x000007fed2980000 - 0x000007fed2995000 	C:\ProgramData\Anaconda3\lib\site-packages\zmq\backend\cython\context.cp37-win_amd64.pyd
0x000007fed2780000 - 0x000007fed27a4000 	C:\ProgramData\Anaconda3\lib\site-packages\zmq\backend\cython\socket.cp37-win_amd64.pyd
0x000007fed2770000 - 0x000007fed277f000 	C:\ProgramData\Anaconda3\lib\site-packages\zmq\backend\cython\utils.cp37-win_amd64.pyd
0x000007fed2750000 - 0x000007fed2764000 	C:\ProgramData\Anaconda3\lib\site-packages\zmq\backend\cython\_poll.cp37-win_amd64.pyd
0x000007fed2740000 - 0x000007fed274d000 	C:\ProgramData\Anaconda3\lib\site-packages\zmq\backend\cython\_version.cp37-win_amd64.pyd
0x000007fed2720000 - 0x000007fed2731000 	C:\ProgramData\Anaconda3\lib\site-packages\zmq\backend\cython\_device.cp37-win_amd64.pyd
0x000007fed2ab0000 - 0x000007fed2ab9000 	C:\ProgramData\Anaconda3\lib\site-packages\tornado\speedups.cp37-win_amd64.pyd
0x000007fed2a50000 - 0x000007fed2a94000 	C:\ProgramData\Anaconda3\DLLs\_decimal.pyd
0x000007fefd4e0000 - 0x000007fefd537000 	C:\Windows\system32\apphelp.dll
0x000007fefab00000 - 0x000007fefab11000 	C:\Windows\system32\dhcpcsvc6.DLL
0x000007fefaae0000 - 0x000007fefaaf8000 	C:\Windows\system32\dhcpcsvc.DLL
0x000007feea870000 - 0x000007feeaa2c000 	C:\ProgramData\Anaconda3\lib\site-packages\numpy\core\multiarray.cp37-win_amd64.pyd
0x000007fed1730000 - 0x000007fed25b2000 	C:\ProgramData\Anaconda3\Library\bin\mkl_rt.dll
0x000007fed4ea0000 - 0x000007fed4f99000 	C:\ProgramData\Anaconda3\lib\site-packages\numpy\core\umath.cp37-win_amd64.pyd
0x000007feea860000 - 0x000007feea869000 	C:\ProgramData\Anaconda3\lib\site-packages\numpy\linalg\lapack_lite.cp37-win_amd64.pyd
0x000007fed4e70000 - 0x000007fed4e99000 	C:\ProgramData\Anaconda3\lib\site-packages\numpy\linalg\_umath_linalg.cp37-win_amd64.pyd
0x000007feea840000 - 0x000007feea85d000 	C:\ProgramData\Anaconda3\lib\site-packages\numpy\core\_multiarray_tests.cp37-win_amd64.pyd
0x000007fed4e60000 - 0x000007fed4e67000 	C:\ProgramData\Anaconda3\lib\site-packages\numpy\_mklinit.cp37-win_amd64.pyd
0x000007fed1710000 - 0x000007fed1726000 	C:\ProgramData\Anaconda3\lib\site-packages\numpy\fft\fftpack_lite.cp37-win_amd64.pyd
0x000007fed16c0000 - 0x000007fed1702000 	C:\ProgramData\Anaconda3\lib\site-packages\mkl_fft\_pydfti.cp37-win_amd64.pyd
0x000007fed1600000 - 0x000007fed16b3000 	C:\ProgramData\Anaconda3\lib\site-packages\numpy\random\mtrand.cp37-win_amd64.pyd
0x000007fecf6f0000 - 0x000007fed15fe000 	C:\ProgramData\Anaconda3\Library\bin\mkl_intel_thread.dll
0x000007fecf510000 - 0x000007fecf6e3000 	C:\ProgramData\Anaconda3\Library\bin\libiomp5md.dll
0x000007fecb250000 - 0x000007fecf50f000 	C:\ProgramData\Anaconda3\Library\bin\mkl_core.dll
0x000007fec7fb0000 - 0x000007fecb246000 	C:\ProgramData\Anaconda3\Library\bin\mkl_avx2.dll
0x000007fec7340000 - 0x000007fec7fa2000 	C:\ProgramData\Anaconda3\Library\bin\mkl_vml_avx2.dll
0x000007feeba70000 - 0x000007feeba9e000 	C:\ProgramData\Anaconda3\lib\site-packages\pandas\_libs\tslib.cp37-win_amd64.pyd
0x000007feeba30000 - 0x000007feeba66000 	C:\ProgramData\Anaconda3\lib\site-packages\pandas\_libs\tslibs\conversion.cp37-win_amd64.pyd
0x000007fefa230000 - 0x000007fefa240000 	C:\ProgramData\Anaconda3\lib\site-packages\pandas\_libs\tslibs\np_datetime.cp37-win_amd64.pyd
0x000007fede9c0000 - 0x000007fede9eb000 	C:\ProgramData\Anaconda3\lib\site-packages\pandas\_libs\tslibs\nattype.cp37-win_amd64.pyd
0x000007fec72f0000 - 0x000007fec733c000 	C:\ProgramData\Anaconda3\lib\site-packages\pandas\_libs\tslibs\timedeltas.cp37-win_amd64.pyd
0x000007fede9a0000 - 0x000007fede9bd000 	C:\ProgramData\Anaconda3\lib\site-packages\pandas\_libs\tslibs\timezones.cp37-win_amd64.pyd
0x000007fec72b0000 - 0x000007fec72e8000 	C:\ProgramData\Anaconda3\lib\site-packages\pandas\_libs\tslibs\parsing.cp37-win_amd64.pyd
0x000007fede980000 - 0x000007fede994000 	C:\ProgramData\Anaconda3\lib\site-packages\pandas\_libs\tslibs\ccalendar.cp37-win_amd64.pyd
0x000007fec7270000 - 0x000007fec72a8000 	C:\ProgramData\Anaconda3\lib\site-packages\pandas\_libs\tslibs\strptime.cp37-win_amd64.pyd
0x000007fec7220000 - 0x000007fec7269000 	C:\ProgramData\Anaconda3\lib\site-packages\pandas\_libs\tslibs\timestamps.cp37-win_amd64.pyd
0x000007fec4d20000 - 0x000007fec4d42000 	C:\ProgramData\Anaconda3\lib\site-packages\pandas\_libs\tslibs\fields.cp37-win_amd64.pyd
0x000007fec4ca0000 - 0x000007fec4d16000 	C:\ProgramData\Anaconda3\lib\site-packages\pandas\_libs\hashtable.cp37-win_amd64.pyd
0x000007fed4e40000 - 0x000007fed4e59000 	C:\ProgramData\Anaconda3\lib\site-packages\pandas\_libs\missing.cp37-win_amd64.pyd
0x000007fec4c20000 - 0x000007fec4c93000 	C:\ProgramData\Anaconda3\lib\site-packages\pandas\_libs\lib.cp37-win_amd64.pyd
0x000007fec4af0000 - 0x000007fec4c20000 	C:\ProgramData\Anaconda3\lib\site-packages\pandas\_libs\algos.cp37-win_amd64.pyd
0x000007fec7200000 - 0x000007fec7214000 	C:\ProgramData\Anaconda3\lib\site-packages\pandas\_libs\properties.cp37-win_amd64.pyd
0x000007fec4ad0000 - 0x000007fec4ae4000 	C:\ProgramData\Anaconda3\lib\site-packages\pandas\_libs\hashing.cp37-win_amd64.pyd
0x000007fec4ab0000 - 0x000007fec4acc000 	C:\ProgramData\Anaconda3\lib\site-packages\bottleneck\reduce.cp37-win_amd64.pyd
0x000007fef7980000 - 0x000007fef798b000 	C:\ProgramData\Anaconda3\lib\site-packages\bottleneck\nonreduce.cp37-win_amd64.pyd
0x000007feeba20000 - 0x000007feeba30000 	C:\ProgramData\Anaconda3\lib\site-packages\bottleneck\nonreduce_axis.cp37-win_amd64.pyd
0x000007fec4a90000 - 0x000007fec4aad000 	C:\ProgramData\Anaconda3\lib\site-packages\bottleneck\move.cp37-win_amd64.pyd
0x000007fec4a20000 - 0x000007fec4a8a000 	C:\ProgramData\Anaconda3\lib\site-packages\pandas\_libs\index.cp37-win_amd64.pyd
0x000007fec49d0000 - 0x000007fec4a1a000 	C:\ProgramData\Anaconda3\lib\site-packages\pandas\_libs\tslibs\period.cp37-win_amd64.pyd
0x000007fec49a0000 - 0x000007fec49c1000 	C:\ProgramData\Anaconda3\lib\site-packages\pandas\_libs\tslibs\frequencies.cp37-win_amd64.pyd
0x000007fec4960000 - 0x000007fec4997000 	C:\ProgramData\Anaconda3\lib\site-packages\pandas\_libs\tslibs\resolution.cp37-win_amd64.pyd

VM Arguments:
jvm_args: -Dfile.encoding=UTF8 -ea -Xmx1024m 
java_command: <unknown>
java_class_path (initial): C:\ProgramData\Anaconda3\lib\site-packages\konlpy\java;C:\ProgramData\Anaconda3\lib\site-packages\konlpy\java\bin;C:\ProgramData\Anaconda3\lib\site-packages\konlpy\java\*;C:\ProgramData\Anaconda3\lib\site-packages\konlpy\java\jhannanum-0.8.4.jar;C:\ProgramData\Anaconda3\lib\site-packages\konlpy\java\kkma-2.0.jar;C:\ProgramData\Anaconda3\lib\site-packages\konlpy\java\aho-corasick.jar;C:\ProgramData\Anaconda3\lib\site-packages\konlpy\java\shineware-common-1.0.jar;C:\ProgramData\Anaconda3\lib\site-packages\konlpy\java\shineware-ds-1.0.jar;C:\ProgramData\Anaconda3\lib\site-packages\konlpy\java\komoran-3.0.jar;C:\ProgramData\Anaconda3\lib\site-packages\konlpy\java\snakeyaml-1.12.jar;C:\ProgramData\Anaconda3\lib\site-packages\konlpy\java\scala-library-2.12.3.jar;C:\ProgramData\Anaconda3\lib\site-packages\konlpy\java\open-korean-text-2.1.0.jar;C:\ProgramData\Anaconda3\lib\site-packages\konlpy\java\twitter-text-1.14.7.jar;C:\ProgramData\Anaconda3\lib\site-packages\konlpy\java\*
Launcher Type: generic

Environment Variables:
JAVA_HOME=C:\Program Files\Java\jdk1.8.0_161
PATH=C:\ProgramData\Anaconda3;C:\ProgramData\Anaconda3\Library\mingw-w64\bin;C:\ProgramData\Anaconda3\Library\usr\bin;C:\ProgramData\Anaconda3\Library\bin;C:\ProgramData\Anaconda3\Scripts;C:\ProgramData\Anaconda3\bin;C:\ProgramData\Anaconda3\condabin;C:\ProgramData\Anaconda3;C:\ProgramData\Anaconda3\Library\mingw-w64\bin;C:\ProgramData\Anaconda3\Library\usr\bin;C:\ProgramData\Anaconda3\Library\bin;C:\ProgramData\Anaconda3\Scripts;C:\ProgramData\Oracle\Java\javapath;C:\Windows\system32;C:\Windows;C:\Windows\System32\Wbem;C:\Windows\System32\WindowsPowerShell\v1.0;C:\Program Files (x86)\NVIDIA Corporation\PhysX\Common;C:\Program Files\Common Files\Autodesk Shared;C:\Program Files\Java\jdk1.8.0_161\bin;C:\Program Files (x86)\AOMEI Backupper;D:\HHS\private\Git\cmd;C:\Users\Administrator\AppData\Local\Programs\Python\Python37-32\Scripts;C:\Users\Administrator\AppData\Local\Programs\Python\Python37-32;C:\Program Files\Bandizip;C:\Users\Administrator\AppData\Local\atom\bin
USERNAME=Administrator
OS=Windows_NT
PROCESSOR_IDENTIFIER=Intel64 Family 6 Model 94 Stepping 3, GenuineIntel



---------------  S Y S T E M  ---------------

OS: Windows 7 , 64 bit Build 7601 (6.1.7601.24441)

CPU:total 4 (initial active 4) (4 cores per cpu, 1 threads per core) family 6 model 94 stepping 3, cmov, cx8, fxsr, mmx, sse, sse2, sse3, ssse3, sse4.1, sse4.2, popcnt, avx, avx2, aes, clmul, erms, rtm, 3dnowpref, lzcnt, tsc, tscinvbit, bmi1, bmi2, adx

Memory: 4k page, physical 8342796k(916492k free), swap 10438048k(5116k free)

vm_info: Java HotSpot(TM) 64-Bit Server VM (25.161-b12) for windows-amd64 JRE (1.8.0_161-b12), built on Dec 19 2017 17:52:25 by "java_re" with MS VC++ 10.0 (VS2010)

time: Fri May 31 17:27:28 2019
elapsed time: 13 seconds (0d 0h 0m 13s)

