#
# There is insufficient memory for the Java Runtime Environment to continue.
# Native memory allocation (malloc) failed to allocate 32744 bytes for ChunkPool::allocate
# Possible reasons:
#   The system is out of physical RAM or swap space
#   In 32 bit mode, the process size limit was hit
# Possible solutions:
#   Reduce memory load on the system
#   Increase physical memory or swap space
#   Check if swap backing store is full
#   Use 64 bit Java on a 64 bit OS
#   Decrease Java heap size (-Xmx/-Xms)
#   Decrease number of Java threads
#   Decrease Java thread stack sizes (-Xss)
#   Set larger code cache with -XX:ReservedCodeCacheSize=
# This output file may be truncated or incomplete.
#
#  Out of Memory Error (allocation.cpp:273), pid=7448, tid=0x00000000000021d0
#
# JRE version: Java(TM) SE Runtime Environment (8.0_161-b12) (build 1.8.0_161-b12)
# Java VM: Java HotSpot(TM) 64-Bit Server VM (25.161-b12 mixed mode windows-amd64 compressed oops)
# Failed to write core dump. Minidumps are not enabled by default on client versions of Windows
#

---------------  T H R E A D  ---------------

Current thread (0x0000000008108000):  JavaThread "main" [_thread_in_vm, id=8656, stack(0x00000000001c0000,0x00000000003b0000)]

Stack: [0x00000000001c0000,0x00000000003b0000]
[error occurred during error reporting (printing stack bounds), id 0xc0000005]

Native frames: (J=compiled Java code, j=interpreted, Vv=VM code, C=native code)

Java frames: (J=compiled Java code, j=interpreted, Vv=VM code)
j  java.lang.ClassLoader.defineClass1(Ljava/lang/String;[BIILjava/security/ProtectionDomain;Ljava/lang/String;)Ljava/lang/Class;+0
j  java.lang.ClassLoader.defineClass(Ljava/lang/String;[BIILjava/security/ProtectionDomain;)Ljava/lang/Class;+27
j  java.security.SecureClassLoader.defineClass(Ljava/lang/String;[BIILjava/security/CodeSource;)Ljava/lang/Class;+12
j  java.net.URLClassLoader.defineClass(Ljava/lang/String;Lsun/misc/Resource;)Ljava/lang/Class;+138
j  java.net.URLClassLoader.access$100(Ljava/net/URLClassLoader;Ljava/lang/String;Lsun/misc/Resource;)Ljava/lang/Class;+3
j  java.net.URLClassLoader$1.run()Ljava/lang/Class;+43
j  java.net.URLClassLoader$1.run()Ljava/lang/Object;+1
v  ~StubRoutines::call_stub
j  java.security.AccessController.doPrivileged(Ljava/security/PrivilegedExceptionAction;Ljava/security/AccessControlContext;)Ljava/lang/Object;+0
j  java.net.URLClassLoader.findClass(Ljava/lang/String;)Ljava/lang/Class;+13
j  java.lang.ClassLoader.loadClass(Ljava/lang/String;Z)Ljava/lang/Class;+70
j  sun.misc.Launcher$AppClassLoader.loadClass(Ljava/lang/String;Z)Ljava/lang/Class;+81
j  java.lang.ClassLoader.loadClass(Ljava/lang/String;)Ljava/lang/Class;+3
v  ~StubRoutines::call_stub
j  kr.lucypark.okt.OktInterface.tokenize(Ljava/lang/String;Ljava/lang/Boolean;Ljava/lang/Boolean;)Ljava/util/List;+19
v  ~StubRoutines::call_stub

---------------  P R O C E S S  ---------------

Java Threads: ( => current thread )
  0x000000001c7dc800 JavaThread "Thread-0" [_thread_blocked, id=8892, stack(0x000000001de90000,0x000000001e080000)]
  0x000000001c7b5000 JavaThread "Service Thread" daemon [_thread_blocked, id=8784, stack(0x000000001d950000,0x000000001db40000)]
  0x000000001c737800 JavaThread "C1 CompilerThread2" daemon [_thread_blocked, id=2568, stack(0x000000001d5b0000,0x000000001d7a0000)]
  0x000000001c737000 JavaThread "C2 CompilerThread1" daemon [_thread_blocked, id=9080, stack(0x000000001d3a0000,0x000000001d590000)]
  0x000000001c722800 JavaThread "C2 CompilerThread0" daemon [_thread_blocked, id=8420, stack(0x000000001d120000,0x000000001d310000)]
  0x000000001b115000 JavaThread "Attach Listener" daemon [_thread_blocked, id=8944, stack(0x000000001ce90000,0x000000001d080000)]
  0x000000001b114000 JavaThread "Signal Dispatcher" daemon [_thread_blocked, id=8384, stack(0x000000001cc40000,0x000000001ce30000)]
  0x000000001b0fe000 JavaThread "Finalizer" daemon [_thread_blocked, id=7844, stack(0x000000001c520000,0x000000001c710000)]
  0x000000001b0b7000 JavaThread "Reference Handler" daemon [_thread_blocked, id=9128, stack(0x000000001c2a0000,0x000000001c490000)]
=>0x0000000008108000 JavaThread "main" [_thread_in_vm, id=8656, stack(0x00000000001c0000,0x00000000003b0000)]

Other Threads:
  0x000000001b0af800 VMThread [stack: 0x000000001bf70000,0x000000001c160000] [id=8544]
  0x000000001c7cf000 WatcherThread [stack: 0x000000001db70000,0x000000001dd60000] [id=744]

VM state:not at safepoint (normal execution)

VM Mutex/Monitor currently owned by a thread: None

Heap:
 PSYoungGen      total 38400K, used 5473K [0x00000000eab00000, 0x00000000ed580000, 0x0000000100000000)
  eden space 33280K, 16% used [0x00000000eab00000,0x00000000eb0584b8,0x00000000ecb80000)
  from space 5120K, 0% used [0x00000000ed080000,0x00000000ed080000,0x00000000ed580000)
  to   space 5120K, 0% used [0x00000000ecb80000,0x00000000ecb80000,0x00000000ed080000)
 ParOldGen       total 87552K, used 0K [0x00000000c0000000, 0x00000000c5580000, 0x00000000eab00000)
  object space 87552K, 0% used [0x00000000c0000000,0x00000000c0000000,0x00000000c5580000)
 Metaspace       used 3642K, capacity 4984K, committed 5120K, reserved 1056768K
  class space    used 357K, capacity 424K, committed 512K, reserved 1048576K

Card table byte_map: [0x00000000175c0000,0x00000000177d0000] byte_map_base: 0x0000000016fc0000

Marking Bits: (ParMarkBitMap*) 0x000000007086f860
 Begin Bits: [0x0000000018520000, 0x0000000019520000)
 End Bits:   [0x0000000019520000, 0x000000001a520000)

Polling page: 0x00000000081d0000

CodeCache: size=245760Kb used=1414Kb max_used=1414Kb free=244345Kb
 bounds [0x0000000008200000, 0x0000000008470000, 0x0000000017200000]
 total_blobs=396 nmethods=158 adapters=151
 compilation: enabled

Compilation events (10 events):
Event: 12.231 Thread 0x000000001c737800  154       3       java.util.BitSet::checkInvariants (111 bytes)
Event: 12.231 Thread 0x000000001c737800 nmethod 154 0x000000000835d250 code [0x000000000835d3a0, 0x000000000835d530]
Event: 12.233 Thread 0x000000001c737800  155       3       java.util.Arrays::copyOf (19 bytes)
Event: 12.234 Thread 0x000000001c737800 nmethod 155 0x000000000835d590 code [0x000000000835d700, 0x000000000835da28]
Event: 12.234 Thread 0x000000001c737800  156       3       java.util.zip.ZipFile::ensureOpen (37 bytes)
Event: 12.234 Thread 0x000000001c737800 nmethod 156 0x000000000835db50 code [0x000000000835dce0, 0x000000000835dfb8]
Event: 12.234 Thread 0x000000001c737800  157       3       java.util.zip.ZipCoder::getBytes (192 bytes)
Event: 12.235 Thread 0x000000001c737800 nmethod 157 0x000000000835e0d0 code [0x000000000835e480, 0x00000000083606b8]
Event: 12.235 Thread 0x000000001c737800  158       3       java.util.Arrays::copyOf (19 bytes)
Event: 12.236 Thread 0x000000001c737800 nmethod 158 0x00000000083617d0 code [0x0000000008361940, 0x0000000008361c68]

GC Heap History (0 events):
No events

Deoptimization events (0 events):
No events

Classes redefined (0 events):
No events

Internal exceptions (9 events):
Event: 0.078 Thread 0x0000000008108000 Exception <a 'java/lang/NoSuchMethodError': Method sun.misc.Unsafe.defineClass(Ljava/lang/String;[BII)Ljava/lang/Class; name or signature does not match> (0x00000000eab07ca0) thrown at [C:\re\workspace\8-2-build-windows-amd64-cygwin\jdk8u161\10277\hotspot
Event: 0.078 Thread 0x0000000008108000 Exception <a 'java/lang/NoSuchMethodError': Method sun.misc.Unsafe.prefetchRead(Ljava/lang/Object;J)V name or signature does not match> (0x00000000eab07f88) thrown at [C:\re\workspace\8-2-build-windows-amd64-cygwin\jdk8u161\10277\hotspot\src\share\vm\prim
Event: 0.130 Thread 0x0000000008108000 Exception <a 'java/io/IOException'> (0x00000000eaba0970) thrown at [C:\re\workspace\8-2-build-windows-amd64-cygwin\jdk8u161\10277\hotspot\src\share\vm\prims\jni.cpp, line 709]
Event: 0.131 Thread 0x0000000008108000 Exception <a 'java/io/IOException'> (0x00000000eaba8320) thrown at [C:\re\workspace\8-2-build-windows-amd64-cygwin\jdk8u161\10277\hotspot\src\share\vm\prims\jni.cpp, line 709]
Event: 12.027 Thread 0x0000000008108000 Exception <a 'java/security/PrivilegedActionException'> (0x00000000eabf46f0) thrown at [C:\re\workspace\8-2-build-windows-amd64-cygwin\jdk8u161\10277\hotspot\src\share\vm\prims\jvm.cpp, line 1390]
Event: 12.027 Thread 0x0000000008108000 Exception <a 'java/security/PrivilegedActionException'> (0x00000000eabf4900) thrown at [C:\re\workspace\8-2-build-windows-amd64-cygwin\jdk8u161\10277\hotspot\src\share\vm\prims\jvm.cpp, line 1390]
Event: 12.035 Thread 0x0000000008108000 Exception <a 'java/security/PrivilegedActionException'> (0x00000000eac49048) thrown at [C:\re\workspace\8-2-build-windows-amd64-cygwin\jdk8u161\10277\hotspot\src\share\vm\prims\jvm.cpp, line 1390]
Event: 12.035 Thread 0x0000000008108000 Exception <a 'java/security/PrivilegedActionException'> (0x00000000eac49258) thrown at [C:\re\workspace\8-2-build-windows-amd64-cygwin\jdk8u161\10277\hotspot\src\share\vm\prims\jvm.cpp, line 1390]
Event: 12.035 Thread 0x0000000008108000 Exception <a 'java/lang/NoClassDefFoundError': Ljava/lang;> (0x00000000eac496b8) thrown at [C:\re\workspace\8-2-build-windows-amd64-cygwin\jdk8u161\10277\hotspot\src\share\vm\classfile\systemDictionary.cpp, line 199]

Events (10 events):
Event: 12.230 loading class scala/collection/IterableLike
Event: 12.230 loading class scala/collection/IterableLike done
Event: 12.231 loading class scala/Equals
Event: 12.231 loading class scala/Equals done
Event: 12.233 loading class scala/collection/GenSeq
Event: 12.233 loading class scala/collection/GenSeq done
Event: 12.234 loading class scala/collection/GenSeqLike
Event: 12.234 loading class scala/collection/GenSeqLike done
Event: 12.235 loading class scala/collection/SeqLike
Event: 12.235 loading class scala/collection/SeqLike done


Dynamic libraries:
0x000000013f460000 - 0x000000013f47c000 	C:\ProgramData\Anaconda3\python.exe
0x0000000077c00000 - 0x0000000077d9f000 	C:\Windows\SYSTEM32\ntdll.dll
0x00000000779e0000 - 0x0000000077aff000 	C:\Windows\system32\kernel32.dll
0x000007fefd900000 - 0x000007fefd96a000 	C:\Windows\system32\KERNELBASE.dll
0x000007fed41f0000 - 0x000007fed45b4000 	C:\ProgramData\Anaconda3\python37.dll
0x000007fefc940000 - 0x000007fefc94c000 	C:\Windows\system32\VERSION.dll
0x000007feffbf0000 - 0x000007feffc8f000 	C:\Windows\system32\msvcrt.dll
0x000007fefe6a0000 - 0x000007fefe711000 	C:\Windows\system32\SHLWAPI.dll
0x000007feffcf0000 - 0x000007feffd57000 	C:\Windows\system32\GDI32.dll
0x0000000077b00000 - 0x0000000077bfa000 	C:\Windows\system32\USER32.dll
0x000007fefdfc0000 - 0x000007fefdfce000 	C:\Windows\system32\LPK.dll
0x000007feff920000 - 0x000007feff9eb000 	C:\Windows\system32\USP10.dll
0x000007feffc90000 - 0x000007feffcdd000 	C:\Windows\system32\WS2_32.dll
0x000007fefe570000 - 0x000007fefe69c000 	C:\Windows\system32\RPCRT4.dll
0x000007feffce0000 - 0x000007feffce8000 	C:\Windows\system32\NSI.dll
0x000007fefe490000 - 0x000007fefe56b000 	C:\Windows\system32\ADVAPI32.dll
0x000007feff820000 - 0x000007feff83f000 	C:\Windows\SYSTEM32\sechost.dll
0x000007fef7300000 - 0x000007fef7316000 	C:\ProgramData\Anaconda3\VCRUNTIME140.dll
0x000007fef7910000 - 0x000007fef7914000 	C:\ProgramData\Anaconda3\api-ms-win-crt-runtime-l1-1-0.dll
0x000007fed4830000 - 0x000007fed492a000 	C:\ProgramData\Anaconda3\ucrtbase.DLL
0x000007feecef0000 - 0x000007feecef3000 	C:\ProgramData\Anaconda3\api-ms-win-core-localization-l1-2-0.dll
0x000007feebf00000 - 0x000007feebf03000 	C:\ProgramData\Anaconda3\api-ms-win-core-processthreads-l1-1-1.dll
0x000007feebce0000 - 0x000007feebce3000 	C:\ProgramData\Anaconda3\api-ms-win-core-file-l1-2-0.dll
0x000007feebcd0000 - 0x000007feebcd3000 	C:\ProgramData\Anaconda3\api-ms-win-core-timezone-l1-1-0.dll
0x000007feebae0000 - 0x000007feebae3000 	C:\ProgramData\Anaconda3\api-ms-win-core-file-l2-1-0.dll
0x000007feeb990000 - 0x000007feeb993000 	C:\ProgramData\Anaconda3\api-ms-win-core-synch-l1-2-0.dll
0x000007feeb980000 - 0x000007feeb984000 	C:\ProgramData\Anaconda3\api-ms-win-crt-string-l1-1-0.dll
0x000007feeb970000 - 0x000007feeb973000 	C:\ProgramData\Anaconda3\api-ms-win-crt-heap-l1-1-0.dll
0x000007feeb960000 - 0x000007feeb964000 	C:\ProgramData\Anaconda3\api-ms-win-crt-stdio-l1-1-0.dll
0x000007feeb950000 - 0x000007feeb954000 	C:\ProgramData\Anaconda3\api-ms-win-crt-convert-l1-1-0.dll
0x000007feeb3e0000 - 0x000007feeb3e5000 	C:\ProgramData\Anaconda3\api-ms-win-crt-math-l1-1-0.dll
0x000007feeb3d0000 - 0x000007feeb3d3000 	C:\ProgramData\Anaconda3\api-ms-win-crt-locale-l1-1-0.dll
0x000007feeb3c0000 - 0x000007feeb3c3000 	C:\ProgramData\Anaconda3\api-ms-win-crt-time-l1-1-0.dll
0x000007feeb3b0000 - 0x000007feeb3b3000 	C:\ProgramData\Anaconda3\api-ms-win-crt-environment-l1-1-0.dll
0x000007feeb2c0000 - 0x000007feeb2c3000 	C:\ProgramData\Anaconda3\api-ms-win-crt-process-l1-1-0.dll
0x000007feeb2b0000 - 0x000007feeb2b3000 	C:\ProgramData\Anaconda3\api-ms-win-crt-conio-l1-1-0.dll
0x000007feeb2a0000 - 0x000007feeb2a3000 	C:\ProgramData\Anaconda3\api-ms-win-crt-filesystem-l1-1-0.dll
0x000007fefe070000 - 0x000007fefe09e000 	C:\Windows\system32\IMM32.DLL
0x000007fefe140000 - 0x000007fefe249000 	C:\Windows\system32\MSCTF.dll
0x000007fefce80000 - 0x000007fefce98000 	C:\Windows\system32\CRYPTSP.dll
0x000007fefcb80000 - 0x000007fefcbc7000 	C:\Windows\system32\rsaenh.dll
0x000007fefd540000 - 0x000007fefd54f000 	C:\Windows\system32\CRYPTBASE.dll
0x000007feeae20000 - 0x000007feeae2f000 	C:\ProgramData\Anaconda3\python3.dll
0x000007feeae00000 - 0x000007feeae18000 	C:\ProgramData\Anaconda3\DLLs\_bz2.pyd
0x000007fee0b90000 - 0x000007fee0bd1000 	C:\ProgramData\Anaconda3\DLLs\_lzma.pyd
0x000007feea7d0000 - 0x000007feea7dd000 	C:\ProgramData\Anaconda3\DLLs\_hashlib.pyd
0x000007fed3470000 - 0x000007fed37b7000 	C:\ProgramData\Anaconda3\Library\bin\libcrypto-1_1-x64.dll
0x000007fefd020000 - 0x000007fefd042000 	C:\Windows\system32\bcrypt.dll
0x000007fef5f50000 - 0x000007fef5f53000 	C:\Windows\system32\api-ms-win-crt-utility-l1-1-0.dll
0x000007feea810000 - 0x000007feea833000 	C:\ProgramData\Anaconda3\DLLs\_ctypes.pyd
0x000007feff9f0000 - 0x000007feffbef000 	C:\Windows\system32\ole32.dll
0x000007feff840000 - 0x000007feff91b000 	C:\Windows\system32\OLEAUT32.dll
0x000007fefe720000 - 0x000007feff4ab000 	C:\Windows\system32\shell32.DLL
0x000007fee06b0000 - 0x000007fee06c5000 	C:\ProgramData\Anaconda3\DLLs\_socket.pyd
0x000007fee01e0000 - 0x000007fee01e9000 	C:\ProgramData\Anaconda3\DLLs\select.pyd
0x000007fedff00000 - 0x000007fedff1f000 	C:\ProgramData\Anaconda3\DLLs\_ssl.pyd
0x000007fefd720000 - 0x000007fefd88d000 	C:\Windows\system32\CRYPT32.dll
0x000007fefd6e0000 - 0x000007fefd6ef000 	C:\Windows\system32\MSASN1.dll
0x000007fedf7a0000 - 0x000007fedf84c000 	C:\ProgramData\Anaconda3\Library\bin\libssl-1_1-x64.dll
0x000007fed2a40000 - 0x000007fed2a48000 	C:\ProgramData\Anaconda3\DLLs\_contextvars.pyd
0x000007fed2a20000 - 0x000007fed2a33000 	C:\ProgramData\Anaconda3\DLLs\_asyncio.pyd
0x000007fed2a10000 - 0x000007fed2a1d000 	C:\ProgramData\Anaconda3\DLLs\_overlapped.pyd
0x000007fefce20000 - 0x000007fefce75000 	C:\Windows\system32\mswsock.dll
0x000007fefc360000 - 0x000007fefc367000 	C:\Windows\System32\wshtcpip.dll
0x000007fed26c0000 - 0x000007fed26d7000 	C:\ProgramData\Anaconda3\DLLs\_sqlite3.pyd
0x000007fed25c0000 - 0x000007fed26bd000 	C:\ProgramData\Anaconda3\Library\bin\sqlite3.dll
0x000007fee01d0000 - 0x000007fee01d9000 	C:\ProgramData\Anaconda3\DLLs\_queue.pyd
0x000007fed2ea0000 - 0x000007fed2fa9000 	C:\ProgramData\Anaconda3\DLLs\unicodedata.pyd
0x000007fed29f0000 - 0x000007fed2a03000 	C:\ProgramData\Anaconda3\lib\site-packages\zmq\backend\cython\constants.cp37-win_amd64.pyd
0x000007fed29e0000 - 0x000007fed29ed000 	C:\ProgramData\Anaconda3\lib\site-packages\zmq\backend\cython\error.cp37-win_amd64.pyd
0x000007fed2800000 - 0x000007fed2870000 	C:\ProgramData\Anaconda3\Library\bin\libzmq-mt-4_2_5.dll
0x000007fed27b0000 - 0x000007fed27fb000 	C:\ProgramData\Anaconda3\Library\bin\libsodium.dll
0x000007fefad10000 - 0x000007fefad37000 	C:\Windows\system32\IPHLPAPI.DLL
0x000007fefacd0000 - 0x000007fefacdb000 	C:\Windows\system32\WINNSI.DLL
0x000007fef75d0000 - 0x000007fef766e000 	C:\Windows\system32\MSVCP140.dll
0x000007fef5f10000 - 0x000007fef5f15000 	C:\Windows\system32\api-ms-win-crt-multibyte-l1-1-0.dll
0x000007fed29c0000 - 0x000007fed29da000 	C:\ProgramData\Anaconda3\lib\site-packages\zmq\backend\cython\message.cp37-win_amd64.pyd
0x000007fed2980000 - 0x000007fed2995000 	C:\ProgramData\Anaconda3\lib\site-packages\zmq\backend\cython\context.cp37-win_amd64.pyd
0x000007fed2780000 - 0x000007fed27a4000 	C:\ProgramData\Anaconda3\lib\site-packages\zmq\backend\cython\socket.cp37-win_amd64.pyd
0x000007fed2770000 - 0x000007fed277f000 	C:\ProgramData\Anaconda3\lib\site-packages\zmq\backend\cython\utils.cp37-win_amd64.pyd
0x000007fed2750000 - 0x000007fed2764000 	C:\ProgramData\Anaconda3\lib\site-packages\zmq\backend\cython\_poll.cp37-win_amd64.pyd
0x000007fed2740000 - 0x000007fed274d000 	C:\ProgramData\Anaconda3\lib\site-packages\zmq\backend\cython\_version.cp37-win_amd64.pyd
0x000007fed2720000 - 0x000007fed2731000 	C:\ProgramData\Anaconda3\lib\site-packages\zmq\backend\cython\_device.cp37-win_amd64.pyd
0x000007fed2ab0000 - 0x000007fed2ab9000 	C:\ProgramData\Anaconda3\lib\site-packages\tornado\speedups.cp37-win_amd64.pyd
0x000007fed2a50000 - 0x000007fed2a94000 	C:\ProgramData\Anaconda3\DLLs\_decimal.pyd
0x000007fefd4e0000 - 0x000007fefd537000 	C:\Windows\system32\apphelp.dll
0x000007fefab00000 - 0x000007fefab11000 	C:\Windows\system32\dhcpcsvc6.DLL
0x000007fefaae0000 - 0x000007fefaaf8000 	C:\Windows\system32\dhcpcsvc.DLL
0x000007feea870000 - 0x000007feeaa2c000 	C:\ProgramData\Anaconda3\lib\site-packages\numpy\core\multiarray.cp37-win_amd64.pyd
0x000007fed1730000 - 0x000007fed25b2000 	C:\ProgramData\Anaconda3\Library\bin\mkl_rt.dll
0x000007fed4ea0000 - 0x000007fed4f99000 	C:\ProgramData\Anaconda3\lib\site-packages\numpy\core\umath.cp37-win_amd64.pyd
0x000007feea860000 - 0x000007feea869000 	C:\ProgramData\Anaconda3\lib\site-packages\numpy\linalg\lapack_lite.cp37-win_amd64.pyd
0x000007fed4e70000 - 0x000007fed4e99000 	C:\ProgramData\Anaconda3\lib\site-packages\numpy\linalg\_umath_linalg.cp37-win_amd64.pyd
0x000007feea840000 - 0x000007feea85d000 	C:\ProgramData\Anaconda3\lib\site-packages\numpy\core\_multiarray_tests.cp37-win_amd64.pyd
0x000007fed4e60000 - 0x000007fed4e67000 	C:\ProgramData\Anaconda3\lib\site-packages\numpy\_mklinit.cp37-win_amd64.pyd
0x000007fed1710000 - 0x000007fed1726000 	C:\ProgramData\Anaconda3\lib\site-packages\numpy\fft\fftpack_lite.cp37-win_amd64.pyd
0x000007fed16c0000 - 0x000007fed1702000 	C:\ProgramData\Anaconda3\lib\site-packages\mkl_fft\_pydfti.cp37-win_amd64.pyd
0x000007fed1600000 - 0x000007fed16b3000 	C:\ProgramData\Anaconda3\lib\site-packages\numpy\random\mtrand.cp37-win_amd64.pyd
0x000007fecf6f0000 - 0x000007fed15fe000 	C:\ProgramData\Anaconda3\Library\bin\mkl_intel_thread.dll
0x000007fecf510000 - 0x000007fecf6e3000 	C:\ProgramData\Anaconda3\Library\bin\libiomp5md.dll
0x000007fecb250000 - 0x000007fecf50f000 	C:\ProgramData\Anaconda3\Library\bin\mkl_core.dll
0x000007fec7fb0000 - 0x000007fecb246000 	C:\ProgramData\Anaconda3\Library\bin\mkl_avx2.dll
0x000007fec7340000 - 0x000007fec7fa2000 	C:\ProgramData\Anaconda3\Library\bin\mkl_vml_avx2.dll
0x000007feeba70000 - 0x000007feeba9e000 	C:\ProgramData\Anaconda3\lib\site-packages\pandas\_libs\tslib.cp37-win_amd64.pyd
0x000007feeba30000 - 0x000007feeba66000 	C:\ProgramData\Anaconda3\lib\site-packages\pandas\_libs\tslibs\conversion.cp37-win_amd64.pyd
0x000007fefa230000 - 0x000007fefa240000 	C:\ProgramData\Anaconda3\lib\site-packages\pandas\_libs\tslibs\np_datetime.cp37-win_amd64.pyd
0x000007fede9c0000 - 0x000007fede9eb000 	C:\ProgramData\Anaconda3\lib\site-packages\pandas\_libs\tslibs\nattype.cp37-win_amd64.pyd
0x000007fec72f0000 - 0x000007fec733c000 	C:\ProgramData\Anaconda3\lib\site-packages\pandas\_libs\tslibs\timedeltas.cp37-win_amd64.pyd
0x000007fede9a0000 - 0x000007fede9bd000 	C:\ProgramData\Anaconda3\lib\site-packages\pandas\_libs\tslibs\timezones.cp37-win_amd64.pyd
0x000007fec72b0000 - 0x000007fec72e8000 	C:\ProgramData\Anaconda3\lib\site-packages\pandas\_libs\tslibs\parsing.cp37-win_amd64.pyd
0x000007fede980000 - 0x000007fede994000 	C:\ProgramData\Anaconda3\lib\site-packages\pandas\_libs\tslibs\ccalendar.cp37-win_amd64.pyd
0x000007fec7270000 - 0x000007fec72a8000 	C:\ProgramData\Anaconda3\lib\site-packages\pandas\_libs\tslibs\strptime.cp37-win_amd64.pyd
0x000007fec7220000 - 0x000007fec7269000 	C:\ProgramData\Anaconda3\lib\site-packages\pandas\_libs\tslibs\timestamps.cp37-win_amd64.pyd
0x000007fec4d20000 - 0x000007fec4d42000 	C:\ProgramData\Anaconda3\lib\site-packages\pandas\_libs\tslibs\fields.cp37-win_amd64.pyd
0x000007fec4ca0000 - 0x000007fec4d16000 	C:\ProgramData\Anaconda3\lib\site-packages\pandas\_libs\hashtable.cp37-win_amd64.pyd
0x000007fed4e40000 - 0x000007fed4e59000 	C:\ProgramData\Anaconda3\lib\site-packages\pandas\_libs\missing.cp37-win_amd64.pyd
0x000007fec4c20000 - 0x000007fec4c93000 	C:\ProgramData\Anaconda3\lib\site-packages\pandas\_libs\lib.cp37-win_amd64.pyd
0x000007fec4af0000 - 0x000007fec4c20000 	C:\ProgramData\Anaconda3\lib\site-packages\pandas\_libs\algos.cp37-win_amd64.pyd
0x000007fec7200000 - 0x000007fec7214000 	C:\ProgramData\Anaconda3\lib\site-packages\pandas\_libs\properties.cp37-win_amd64.pyd
0x000007fec4ad0000 - 0x000007fec4ae4000 	C:\ProgramData\Anaconda3\lib\site-packages\pandas\_libs\hashing.cp37-win_amd64.pyd
0x000007fec4ab0000 - 0x000007fec4acc000 	C:\ProgramData\Anaconda3\lib\site-packages\bottleneck\reduce.cp37-win_amd64.pyd
0x000007fef7980000 - 0x000007fef798b000 	C:\ProgramData\Anaconda3\lib\site-packages\bottleneck\nonreduce.cp37-win_amd64.pyd
0x000007feeba20000 - 0x000007feeba30000 	C:\ProgramData\Anaconda3\lib\site-packages\bottleneck\nonreduce_axis.cp37-win_amd64.pyd
0x000007fec4a90000 - 0x000007fec4aad000 	C:\ProgramData\Anaconda3\lib\site-packages\bottleneck\move.cp37-win_amd64.pyd
0x000007fec4a20000 - 0x000007fec4a8a000 	C:\ProgramData\Anaconda3\lib\site-packages\pandas\_libs\index.cp37-win_amd64.pyd
0x000007fec49d0000 - 0x000007fec4a1a000 	C:\ProgramData\Anaconda3\lib\site-packages\pandas\_libs\tslibs\period.cp37-win_amd64.pyd
0x000007fec49a0000 - 0x000007fec49c1000 	C:\ProgramData\Anaconda3\lib\site-packages\pandas\_libs\tslibs\frequencies.cp37-win_amd64.pyd
0x000007fec4960000 - 0x000007fec4997000 	C:\ProgramData\Anaconda3\lib\site-packages\pandas\_libs\tslibs\resolution.cp37-win_amd64.pyd

VM Arguments:
jvm_args: -Dfile.encoding=UTF8 -ea -Xmx1024m 
java_command: <unknown>
java_class_path (initial): C:\ProgramData\Anaconda3\lib\site-packages\konlpy\java;C:\ProgramData\Anaconda3\lib\site-packages\konlpy\java\bin;C:\ProgramData\Anaconda3\lib\site-packages\konlpy\java\*;C:\ProgramData\Anaconda3\lib\site-packages\konlpy\java\jhannanum-0.8.4.jar;C:\ProgramData\Anaconda3\lib\site-packages\konlpy\java\kkma-2.0.jar;C:\ProgramData\Anaconda3\lib\site-packages\konlpy\java\aho-corasick.jar;C:\ProgramData\Anaconda3\lib\site-packages\konlpy\java\shineware-common-1.0.jar;C:\ProgramData\Anaconda3\lib\site-packages\konlpy\java\shineware-ds-1.0.jar;C:\ProgramData\Anaconda3\lib\site-packages\konlpy\java\komoran-3.0.jar;C:\ProgramData\Anaconda3\lib\site-packages\konlpy\java\snakeyaml-1.12.jar;C:\ProgramData\Anaconda3\lib\site-packages\konlpy\java\scala-library-2.12.3.jar;C:\ProgramData\Anaconda3\lib\site-packages\konlpy\java\open-korean-text-2.1.0.jar;C:\ProgramData\Anaconda3\lib\site-packages\konlpy\java\twitter-text-1.14.7.jar;C:\ProgramData\Anaconda3\lib\site-packages\konlpy\java\*
Launcher Type: generic

Environment Variables:
JAVA_HOME=C:\Program Files\Java\jdk1.8.0_161
PATH=C:\ProgramData\Anaconda3;C:\ProgramData\Anaconda3\Library\mingw-w64\bin;C:\ProgramData\Anaconda3\Library\usr\bin;C:\ProgramData\Anaconda3\Library\bin;C:\ProgramData\Anaconda3\Scripts;C:\ProgramData\Anaconda3\bin;C:\ProgramData\Anaconda3\condabin;C:\ProgramData\Anaconda3;C:\ProgramData\Anaconda3\Library\mingw-w64\bin;C:\ProgramData\Anaconda3\Library\usr\bin;C:\ProgramData\Anaconda3\Library\bin;C:\ProgramData\Anaconda3\Scripts;C:\ProgramData\Oracle\Java\javapath;C:\Windows\system32;C:\Windows;C:\Windows\System32\Wbem;C:\Windows\System32\WindowsPowerShell\v1.0;C:\Program Files (x86)\NVIDIA Corporation\PhysX\Common;C:\Program Files\Common Files\Autodesk Shared;C:\Program Files\Java\jdk1.8.0_161\bin;C:\Program Files (x86)\AOMEI Backupper;D:\HHS\private\Git\cmd;C:\Users\Administrator\AppData\Local\Programs\Python\Python37-32\Scripts;C:\Users\Administrator\AppData\Local\Programs\Python\Python37-32;C:\Program Files\Bandizip;C:\Users\Administrator\AppData\Local\atom\bin
USERNAME=Administrator
OS=Windows_NT
PROCESSOR_IDENTIFIER=Intel64 Family 6 Model 94 Stepping 3, GenuineIntel



---------------  S Y S T E M  ---------------

OS: Windows 7 , 64 bit Build 7601 (6.1.7601.24441)

CPU:total 4 (initial active 4) (4 cores per cpu, 1 threads per core) family 6 model 94 stepping 3, cmov, cx8, fxsr, mmx, sse, sse2, sse3, ssse3, sse4.1, sse4.2, popcnt, avx, avx2, aes, clmul, erms, rtm, 3dnowpref, lzcnt, tsc, tscinvbit, bmi1, bmi2, adx

Memory: 4k page, physical 8342796k(1049548k free), swap 10438048k(5120k free)

vm_info: Java HotSpot(TM) 64-Bit Server VM (25.161-b12) for windows-amd64 JRE (1.8.0_161-b12), built on Dec 19 2017 17:52:25 by "java_re" with MS VC++ 10.0 (VS2010)

time: Fri May 31 17:35:35 2019
elapsed time: 12 seconds (0d 0h 0m 12s)

