#
# There is insufficient memory for the Java Runtime Environment to continue.
# Native memory allocation (malloc) failed to allocate 32744 bytes for ChunkPool::allocate
# Possible reasons:
#   The system is out of physical RAM or swap space
#   In 32 bit mode, the process size limit was hit
# Possible solutions:
#   Reduce memory load on the system
#   Increase physical memory or swap space
#   Check if swap backing store is full
#   Use 64 bit Java on a 64 bit OS
#   Decrease Java heap size (-Xmx/-Xms)
#   Decrease number of Java threads
#   Decrease Java thread stack sizes (-Xss)
#   Set larger code cache with -XX:ReservedCodeCacheSize=
# This output file may be truncated or incomplete.
#
#  Out of Memory Error (allocation.cpp:273), pid=8124, tid=0x0000000000001cd0
#
# JRE version: Java(TM) SE Runtime Environment (8.0_161-b12) (build 1.8.0_161-b12)
# Java VM: Java HotSpot(TM) 64-Bit Server VM (25.161-b12 mixed mode windows-amd64 compressed oops)
# Failed to write core dump. Minidumps are not enabled by default on client versions of Windows
#

---------------  T H R E A D  ---------------

Current thread (0x0000000008fb8000):  JavaThread "main" [_thread_in_vm, id=7376, stack(0x0000000000150000,0x0000000000340000)]

Stack: [0x0000000000150000,0x0000000000340000]
[error occurred during error reporting (printing stack bounds), id 0xc0000005]

Native frames: (J=compiled Java code, j=interpreted, Vv=VM code, C=native code)

Java frames: (J=compiled Java code, j=interpreted, Vv=VM code)
j  java.lang.ClassLoader.defineClass1(Ljava/lang/String;[BIILjava/security/ProtectionDomain;Ljava/lang/String;)Ljava/lang/Class;+0
j  java.lang.ClassLoader.defineClass(Ljava/lang/String;[BIILjava/security/ProtectionDomain;)Ljava/lang/Class;+27
J 509 C1 java.net.URLClassLoader.defineClass(Ljava/lang/String;Lsun/misc/Resource;)Ljava/lang/Class; (142 bytes) @ 0x00000000092fb814 [0x00000000092f9d40+0x1ad4]
J 460 C1 java.net.URLClassLoader$1.run()Ljava/lang/Class; (63 bytes) @ 0x00000000092cf22c [0x00000000092cef60+0x2cc]
J 459 C1 java.net.URLClassLoader$1.run()Ljava/lang/Object; (5 bytes) @ 0x00000000092cf94c [0x00000000092cf8c0+0x8c]
v  ~StubRoutines::call_stub
J 230  java.security.AccessController.doPrivileged(Ljava/security/PrivilegedExceptionAction;Ljava/security/AccessControlContext;)Ljava/lang/Object; (0 bytes) @ 0x000000000925bee6 [0x000000000925be80+0x66]
J 420 C1 java.net.URLClassLoader.findClass(Ljava/lang/String;)Ljava/lang/Class; (47 bytes) @ 0x00000000092bcf44 [0x00000000092bcdc0+0x184]
J 210 C1 java.lang.ClassLoader.loadClass(Ljava/lang/String;Z)Ljava/lang/Class; (122 bytes) @ 0x0000000009252d0c [0x00000000092523c0+0x94c]
J 466 C1 sun.misc.Launcher$AppClassLoader.loadClass(Ljava/lang/String;Z)Ljava/lang/Class; (85 bytes) @ 0x00000000092d4e4c [0x00000000092d44c0+0x98c]
J 282 C1 java.lang.ClassLoader.loadClass(Ljava/lang/String;)Ljava/lang/Class; (7 bytes) @ 0x0000000009273ac4 [0x00000000092739c0+0x104]
v  ~StubRoutines::call_stub
j  java.lang.ClassLoader.defineClass1(Ljava/lang/String;[BIILjava/security/ProtectionDomain;Ljava/lang/String;)Ljava/lang/Class;+0
j  java.lang.ClassLoader.defineClass(Ljava/lang/String;[BIILjava/security/ProtectionDomain;)Ljava/lang/Class;+27
J 509 C1 java.net.URLClassLoader.defineClass(Ljava/lang/String;Lsun/misc/Resource;)Ljava/lang/Class; (142 bytes) @ 0x00000000092fb814 [0x00000000092f9d40+0x1ad4]
J 460 C1 java.net.URLClassLoader$1.run()Ljava/lang/Class; (63 bytes) @ 0x00000000092cf22c [0x00000000092cef60+0x2cc]
J 459 C1 java.net.URLClassLoader$1.run()Ljava/lang/Object; (5 bytes) @ 0x00000000092cf94c [0x00000000092cf8c0+0x8c]
v  ~StubRoutines::call_stub
J 230  java.security.AccessController.doPrivileged(Ljava/security/PrivilegedExceptionAction;Ljava/security/AccessControlContext;)Ljava/lang/Object; (0 bytes) @ 0x000000000925bee6 [0x000000000925be80+0x66]
J 420 C1 java.net.URLClassLoader.findClass(Ljava/lang/String;)Ljava/lang/Class; (47 bytes) @ 0x00000000092bcf44 [0x00000000092bcdc0+0x184]
J 210 C1 java.lang.ClassLoader.loadClass(Ljava/lang/String;Z)Ljava/lang/Class; (122 bytes) @ 0x0000000009252d0c [0x00000000092523c0+0x94c]
J 466 C1 sun.misc.Launcher$AppClassLoader.loadClass(Ljava/lang/String;Z)Ljava/lang/Class; (85 bytes) @ 0x00000000092d4e4c [0x00000000092d44c0+0x98c]
J 282 C1 java.lang.ClassLoader.loadClass(Ljava/lang/String;)Ljava/lang/Class; (7 bytes) @ 0x0000000009273ac4 [0x00000000092739c0+0x104]
v  ~StubRoutines::call_stub
j  scala.collection.convert.AsScalaConverters.mapAsScalaMap(Ljava/util/Map;)Lscala/collection/mutable/Map;+40
j  scala.collection.convert.AsScalaConverters.mapAsScalaMap$(Lscala/collection/convert/AsScalaConverters;Ljava/util/Map;)Lscala/collection/mutable/Map;+2
j  scala.collection.JavaConverters$.mapAsScalaMap(Ljava/util/Map;)Lscala/collection/mutable/Map;+2
j  scala.collection.convert.DecorateAsScala.$anonfun$mapAsScalaMapConverter$1(Lscala/collection/convert/DecorateAsScala;Ljava/util/Map;)Lscala/collection/mutable/Map;+2
j  scala.collection.convert.DecorateAsScala$$Lambda$54.apply()Ljava/lang/Object;+8
j  scala.collection.convert.Decorators$AsScala.asScala()Ljava/lang/Object;+4
j  org.openkoreantext.processor.tokenizer.KoreanTokenizer$.findDirectMatch(Lorg/openkoreantext/processor/tokenizer/KoreanTokenizer$KoreanToken;)Lscala/collection/Seq;+20
j  org.openkoreantext.processor.tokenizer.KoreanTokenizer$.findTopCandidates(Lorg/openkoreantext/processor/tokenizer/KoreanTokenizer$KoreanToken;Lorg/openkoreantext/processor/tokenizer/TokenizerProfile;)Lscala/collection/Seq;+2
j  org.openkoreantext.processor.tokenizer.KoreanTokenizer$.parseKoreanChunk(Lorg/openkoreantext/processor/tokenizer/KoreanTokenizer$KoreanToken;Lorg/openkoreantext/processor/tokenizer/TokenizerProfile;I)Lscala/collection/Seq;+3
j  org.openkoreantext.processor.tokenizer.KoreanTokenizer$.$anonfun$tokenizeTopN$1(Lorg/openkoreantext/processor/tokenizer/KoreanTokenizer$;ILorg/openkoreantext/processor/tokenizer/TokenizerProfile;Lorg/openkoreantext/processor/tokenizer/KoreanTokenizer$KoreanToken;)Lscala/collection/Seq;+51
j  org.openkoreantext.processor.tokenizer.KoreanTokenizer$$$Lambda$18.apply(Ljava/lang/Object;)Ljava/lang/Object;+16
j  scala.collection.TraversableLike.$anonfun$map$1(Lscala/Function1;Lscala/collection/mutable/Builder;Ljava/lang/Object;)Lscala/collection/mutable/Builder;+3
j  scala.collection.TraversableLike$$Lambda$19.apply(Ljava/lang/Object;)Ljava/lang/Object;+9
j  scala.collection.immutable.List.foreach(Lscala/Function1;)V+14
j  scala.collection.TraversableLike.map(Lscala/Function1;Lscala/collection/generic/CanBuildFrom;)Ljava/lang/Object;+14
j  scala.collection.TraversableLike.map$(Lscala/collection/TraversableLike;Lscala/Function1;Lscala/collection/generic/CanBuildFrom;)Ljava/lang/Object;+3
j  scala.collection.immutable.List.map(Lscala/Function1;Lscala/collection/generic/CanBuildFrom;)Ljava/lang/Object;+114
j  org.openkoreantext.processor.tokenizer.KoreanTokenizer$.tokenizeTopN(Ljava/lang/CharSequence;ILorg/openkoreantext/processor/tokenizer/TokenizerProfile;)Lscala/collection/Seq;+21
j  org.openkoreantext.processor.tokenizer.KoreanTokenizer$.tokenize(Ljava/lang/CharSequence;Lorg/openkoreantext/processor/tokenizer/TokenizerProfile;)Lscala/collection/Seq;+4
j  org.openkoreantext.processor.OpenKoreanTextProcessor$.tokenize(Ljava/lang/CharSequence;)Lscala/collection/Seq;+10
j  org.openkoreantext.processor.OpenKoreanTextProcessor.tokenize(Ljava/lang/CharSequence;)Lscala/collection/Seq;+4
j  org.openkoreantext.processor.OpenKoreanTextProcessorJava.tokenize(Ljava/lang/CharSequence;)Lscala/collection/Seq;+1
j  kr.lucypark.okt.OktInterface.tokenize(Ljava/lang/String;Ljava/lang/Boolean;Ljava/lang/Boolean;)Ljava/util/List;+19
v  ~StubRoutines::call_stub

---------------  P R O C E S S  ---------------

Java Threads: ( => current thread )
  0x000000001d704800 JavaThread "Thread-0" [_thread_blocked, id=6308, stack(0x000000001ed70000,0x000000001ef60000)]
  0x000000001d6de000 JavaThread "Service Thread" daemon [_thread_blocked, id=2556, stack(0x000000001e960000,0x000000001eb50000)]
  0x000000001d665000 JavaThread "C1 CompilerThread2" daemon [_thread_blocked, id=8428, stack(0x000000001e610000,0x000000001e800000)]
  0x000000001d663800 JavaThread "C2 CompilerThread1" daemon [_thread_blocked, id=3268, stack(0x000000001e2c0000,0x000000001e4b0000)]
  0x000000001bf3c000 JavaThread "C2 CompilerThread0" daemon [_thread_in_native, id=8112, stack(0x000000001df20000,0x000000001e110000)]
  0x000000001d648800 JavaThread "Attach Listener" daemon [_thread_blocked, id=4940, stack(0x000000001dd00000,0x000000001def0000)]
  0x000000001bf30000 JavaThread "Signal Dispatcher" daemon [_thread_blocked, id=2588, stack(0x000000001daa0000,0x000000001dc90000)]
  0x000000001bf1a800 JavaThread "Finalizer" daemon [_thread_blocked, id=8540, stack(0x000000001d450000,0x000000001d640000)]
  0x000000001bed3800 JavaThread "Reference Handler" daemon [_thread_blocked, id=8204, stack(0x000000001d0a0000,0x000000001d290000)]
=>0x0000000008fb8000 JavaThread "main" [_thread_in_vm, id=7376, stack(0x0000000000150000,0x0000000000340000)]

Other Threads:
  0x000000001becb800 VMThread [stack: 0x000000001ce70000,0x000000001d060000] [id=7064]
  0x000000001d6f7800 WatcherThread [stack: 0x000000001eb80000,0x000000001ed70000] [id=3724]

VM state:not at safepoint (normal execution)

VM Mutex/Monitor currently owned by a thread: None

Heap:
 PSYoungGen      total 71680K, used 15563K [0x00000000eab00000, 0x00000000ef600000, 0x0000000100000000)
  eden space 66560K, 15% used [0x00000000eab00000,0x00000000eb536780,0x00000000eec00000)
  from space 5120K, 99% used [0x00000000ef100000,0x00000000ef5fc570,0x00000000ef600000)
  to   space 5120K, 0% used [0x00000000eec00000,0x00000000eec00000,0x00000000ef100000)
 ParOldGen       total 87552K, used 36539K [0x00000000c0000000, 0x00000000c5580000, 0x00000000eab00000)
  object space 87552K, 41% used [0x00000000c0000000,0x00000000c23aed08,0x00000000c5580000)
 Metaspace       used 10558K, capacity 10960K, committed 11264K, reserved 1058816K
  class space    used 1580K, capacity 1668K, committed 1792K, reserved 1048576K

Card table byte_map: [0x0000000018480000,0x0000000018690000] byte_map_base: 0x0000000017e80000

Marking Bits: (ParMarkBitMap*) 0x000000007086f860
 Begin Bits: [0x0000000019340000, 0x000000001a340000)
 End Bits:   [0x000000001a340000, 0x000000001b340000)

Polling page: 0x0000000009080000

CodeCache: size=245760Kb used=5594Kb max_used=5594Kb free=240165Kb
 bounds [0x00000000090c0000, 0x0000000009640000, 0x00000000180c0000]
 total_blobs=1843 nmethods=1535 adapters=220
 compilation: enabled

Compilation events (10 events):
Event: 10.869 Thread 0x000000001d665000 1533       3       java.util.AbstractList::iterator (10 bytes)
Event: 10.869 Thread 0x000000001d665000 nmethod 1533 0x00000000096382d0 code [0x0000000009638440, 0x0000000009638730]
Event: 10.870 Thread 0x000000001d665000 1534   !   3       sun.misc.Resource::getBytes (242 bytes)
Event: 10.871 Thread 0x000000001d665000 nmethod 1534 0x0000000009638890 code [0x0000000009638b80, 0x000000000963a468]
Event: 10.871 Thread 0x000000001d665000 1535       3       java.security.CodeSource::<init> (40 bytes)
Event: 10.871 Thread 0x000000001d665000 nmethod 1535 0x0000000009637c50 code [0x0000000009637dc0, 0x00000000096381c8]
Event: 10.871 Thread 0x000000001d665000 1536   !   3       java.security.SecureClassLoader::getProtectionDomain (114 bytes)
Event: 10.872 Thread 0x000000001d665000 nmethod 1536 0x000000000962bc10 code [0x000000000962be00, 0x000000000962c8c8]
Event: 10.872 Thread 0x000000001d665000 1537       3       java.lang.ClassLoader::defineClass (43 bytes)
Event: 10.872 Thread 0x000000001d665000 nmethod 1537 0x000000000963b110 code [0x000000000963b300, 0x000000000963bea8]

GC Heap History (10 events):
Event: 10.478 GC heap before
{Heap before GC invocations=2 (full 0):
 PSYoungGen      total 38400K, used 38395K [0x00000000eab00000, 0x00000000ed580000, 0x0000000100000000)
  eden space 33280K, 100% used [0x00000000eab00000,0x00000000ecb80000,0x00000000ecb80000)
  from space 5120K, 99% used [0x00000000ecb80000,0x00000000ed07ef88,0x00000000ed080000)
  to   space 5120K, 0% used [0x00000000ed080000,0x00000000ed080000,0x00000000ed580000)
 ParOldGen       total 87552K, used 4879K [0x00000000c0000000, 0x00000000c5580000, 0x00000000eab00000)
  object space 87552K, 5% used [0x00000000c0000000,0x00000000c04c3ed8,0x00000000c5580000)
 Metaspace       used 10352K, capacity 10730K, committed 10880K, reserved 1058816K
  class space    used 1532K, capacity 1596K, committed 1664K, reserved 1048576K
Event: 10.493 GC heap after
Heap after GC invocations=2 (full 0):
 PSYoungGen      total 38400K, used 5106K [0x00000000eab00000, 0x00000000ed580000, 0x0000000100000000)
  eden space 33280K, 0% used [0x00000000eab00000,0x00000000eab00000,0x00000000ecb80000)
  from space 5120K, 99% used [0x00000000ed080000,0x00000000ed57c820,0x00000000ed580000)
  to   space 5120K, 0% used [0x00000000ecb80000,0x00000000ecb80000,0x00000000ed080000)
 ParOldGen       total 87552K, used 10692K [0x00000000c0000000, 0x00000000c5580000, 0x00000000eab00000)
  object space 87552K, 12% used [0x00000000c0000000,0x00000000c0a71290,0x00000000c5580000)
 Metaspace       used 10352K, capacity 10730K, committed 10880K, reserved 1058816K
  class space    used 1532K, capacity 1596K, committed 1664K, reserved 1048576K
}
Event: 10.552 GC heap before
{Heap before GC invocations=3 (full 0):
 PSYoungGen      total 38400K, used 38386K [0x00000000eab00000, 0x00000000ed580000, 0x0000000100000000)
  eden space 33280K, 100% used [0x00000000eab00000,0x00000000ecb80000,0x00000000ecb80000)
  from space 5120K, 99% used [0x00000000ed080000,0x00000000ed57c820,0x00000000ed580000)
  to   space 5120K, 0% used [0x00000000ecb80000,0x00000000ecb80000,0x00000000ed080000)
 ParOldGen       total 87552K, used 10692K [0x00000000c0000000, 0x00000000c5580000, 0x00000000eab00000)
  object space 87552K, 12% used [0x00000000c0000000,0x00000000c0a71290,0x00000000c5580000)
 Metaspace       used 10366K, capacity 10800K, committed 10880K, reserved 1058816K
  class space    used 1533K, capacity 1597K, committed 1664K, reserved 1048576K
Event: 10.562 GC heap after
Heap after GC invocations=3 (full 0):
 PSYoungGen      total 38400K, used 5106K [0x00000000eab00000, 0x00000000ef600000, 0x0000000100000000)
  eden space 33280K, 0% used [0x00000000eab00000,0x00000000eab00000,0x00000000ecb80000)
  from space 5120K, 99% used [0x00000000ecb80000,0x00000000ed07c800,0x00000000ed080000)
  to   space 5120K, 0% used [0x00000000ef100000,0x00000000ef100000,0x00000000ef600000)
 ParOldGen       total 87552K, used 14300K [0x00000000c0000000, 0x00000000c5580000, 0x00000000eab00000)
  object space 87552K, 16% used [0x00000000c0000000,0x00000000c0df7290,0x00000000c5580000)
 Metaspace       used 10366K, capacity 10800K, committed 10880K, reserved 1058816K
  class space    used 1533K, capacity 1597K, committed 1664K, reserved 1048576K
}
Event: 10.621 GC heap before
{Heap before GC invocations=4 (full 0):
 PSYoungGen      total 38400K, used 38386K [0x00000000eab00000, 0x00000000ef600000, 0x0000000100000000)
  eden space 33280K, 100% used [0x00000000eab00000,0x00000000ecb80000,0x00000000ecb80000)
  from space 5120K, 99% used [0x00000000ecb80000,0x00000000ed07c800,0x00000000ed080000)
  to   space 5120K, 0% used [0x00000000ef100000,0x00000000ef100000,0x00000000ef600000)
 ParOldGen       total 87552K, used 14300K [0x00000000c0000000, 0x00000000c5580000, 0x00000000eab00000)
  object space 87552K, 16% used [0x00000000c0000000,0x00000000c0df7290,0x00000000c5580000)
 Metaspace       used 10511K, capacity 10942K, committed 11264K, reserved 1058816K
  class space    used 1574K, capacity 1665K, committed 1792K, reserved 1048576K
Event: 10.632 GC heap after
Heap after GC invocations=4 (full 0):
 PSYoungGen      total 71680K, used 5106K [0x00000000eab00000, 0x00000000ef600000, 0x0000000100000000)
  eden space 66560K, 0% used [0x00000000eab00000,0x00000000eab00000,0x00000000eec00000)
  from space 5120K, 99% used [0x00000000ef100000,0x00000000ef5fc820,0x00000000ef600000)
  to   space 5120K, 0% used [0x00000000eec00000,0x00000000eec00000,0x00000000ef100000)
 ParOldGen       total 87552K, used 20437K [0x00000000c0000000, 0x00000000c5580000, 0x00000000eab00000)
  object space 87552K, 23% used [0x00000000c0000000,0x00000000c13f5640,0x00000000c5580000)
 Metaspace       used 10511K, capacity 10942K, committed 11264K, reserved 1058816K
  class space    used 1574K, capacity 1665K, committed 1792K, reserved 1048576K
}
Event: 10.698 GC heap before
{Heap before GC invocations=5 (full 0):
 PSYoungGen      total 71680K, used 71666K [0x00000000eab00000, 0x00000000ef600000, 0x0000000100000000)
  eden space 66560K, 100% used [0x00000000eab00000,0x00000000eec00000,0x00000000eec00000)
  from space 5120K, 99% used [0x00000000ef100000,0x00000000ef5fc820,0x00000000ef600000)
  to   space 5120K, 0% used [0x00000000eec00000,0x00000000eec00000,0x00000000ef100000)
 ParOldGen       total 87552K, used 20437K [0x00000000c0000000, 0x00000000c5580000, 0x00000000eab00000)
  object space 87552K, 23% used [0x00000000c0000000,0x00000000c13f5640,0x00000000c5580000)
 Metaspace       used 10523K, capacity 10954K, committed 11264K, reserved 1058816K
  class space    used 1576K, capacity 1667K, committed 1792K, reserved 1048576K
Event: 10.708 GC heap after
Heap after GC invocations=5 (full 0):
 PSYoungGen      total 71680K, used 5116K [0x00000000eab00000, 0x00000000ef600000, 0x0000000100000000)
  eden space 66560K, 0% used [0x00000000eab00000,0x00000000eab00000,0x00000000eec00000)
  from space 5120K, 99% used [0x00000000eec00000,0x00000000ef0ff298,0x00000000ef100000)
  to   space 5120K, 0% used [0x00000000ef100000,0x00000000ef100000,0x00000000ef600000)
 ParOldGen       total 87552K, used 27077K [0x00000000c0000000, 0x00000000c5580000, 0x00000000eab00000)
  object space 87552K, 30% used [0x00000000c0000000,0x00000000c1a71640,0x00000000c5580000)
 Metaspace       used 10523K, capacity 10954K, committed 11264K, reserved 1058816K
  class space    used 1576K, capacity 1667K, committed 1792K, reserved 1048576K
}
Event: 10.823 GC heap before
{Heap before GC invocations=6 (full 0):
 PSYoungGen      total 71680K, used 71676K [0x00000000eab00000, 0x00000000ef600000, 0x0000000100000000)
  eden space 66560K, 100% used [0x00000000eab00000,0x00000000eec00000,0x00000000eec00000)
  from space 5120K, 99% used [0x00000000eec00000,0x00000000ef0ff298,0x00000000ef100000)
  to   space 5120K, 0% used [0x00000000ef100000,0x00000000ef100000,0x00000000ef600000)
 ParOldGen       total 87552K, used 27077K [0x00000000c0000000, 0x00000000c5580000, 0x00000000eab00000)
  object space 87552K, 30% used [0x00000000c0000000,0x00000000c1a71640,0x00000000c5580000)
 Metaspace       used 10533K, capacity 10954K, committed 11264K, reserved 1058816K
  class space    used 1576K, capacity 1667K, committed 1792K, reserved 1048576K
Event: 10.836 GC heap after
Heap after GC invocations=6 (full 0):
 PSYoungGen      total 71680K, used 5105K [0x00000000eab00000, 0x00000000ef600000, 0x0000000100000000)
  eden space 66560K, 0% used [0x00000000eab00000,0x00000000eab00000,0x00000000eec00000)
  from space 5120K, 99% used [0x00000000ef100000,0x00000000ef5fc570,0x00000000ef600000)
  to   space 5120K, 0% used [0x00000000eec00000,0x00000000eec00000,0x00000000ef100000)
 ParOldGen       total 87552K, used 36539K [0x00000000c0000000, 0x00000000c5580000, 0x00000000eab00000)
  object space 87552K, 41% used [0x00000000c0000000,0x00000000c23aed08,0x00000000c5580000)
 Metaspace       used 10533K, capacity 10954K, committed 11264K, reserved 1058816K
  class space    used 1576K, capacity 1667K, committed 1792K, reserved 1048576K
}

Deoptimization events (10 events):
Event: 10.637 Thread 0x0000000008fb8000 Uncommon trap: reason=unstable_if action=reinterpret pc=0x00000000095e1808 method=scala.collection.immutable.TrieIterator.hasNext()Z @ 12
Event: 10.638 Thread 0x0000000008fb8000 Uncommon trap: reason=unstable_if action=reinterpret pc=0x00000000094e5c50 method=scala.collection.immutable.HashSet$HashSet1.updated0(Ljava/lang/Object;II)Lscala/collection/immutable/HashSet; @ 16
Event: 10.639 Thread 0x0000000008fb8000 Uncommon trap: reason=class_check action=maybe_recompile pc=0x00000000095cf354 method=scala.collection.IterableLike.foreach(Lscala/Function1;)V @ 1
Event: 10.639 Thread 0x0000000008fb8000 Uncommon trap: reason=bimorphic action=maybe_recompile pc=0x00000000095b1b64 method=scala.collection.Iterator.foreach(Lscala/Function1;)V @ 1
Event: 10.639 Thread 0x0000000008fb8000 Uncommon trap: reason=class_check action=maybe_recompile pc=0x00000000095cf354 method=scala.collection.IterableLike.foreach(Lscala/Function1;)V @ 1
Event: 10.639 Thread 0x0000000008fb8000 Uncommon trap: reason=bimorphic action=maybe_recompile pc=0x00000000095b1b64 method=scala.collection.Iterator.foreach(Lscala/Function1;)V @ 1
Event: 10.639 Thread 0x0000000008fb8000 Uncommon trap: reason=class_check action=maybe_recompile pc=0x00000000095cf354 method=scala.collection.IterableLike.foreach(Lscala/Function1;)V @ 1
Event: 10.639 Thread 0x0000000008fb8000 Uncommon trap: reason=bimorphic action=maybe_recompile pc=0x00000000095b1b64 method=scala.collection.Iterator.foreach(Lscala/Function1;)V @ 1
Event: 10.639 Thread 0x0000000008fb8000 Uncommon trap: reason=class_check action=maybe_recompile pc=0x00000000095cf354 method=scala.collection.IterableLike.foreach(Lscala/Function1;)V @ 1
Event: 10.639 Thread 0x0000000008fb8000 Uncommon trap: reason=bimorphic action=maybe_recompile pc=0x00000000095b1b64 method=scala.collection.Iterator.foreach(Lscala/Function1;)V @ 1

Classes redefined (0 events):
No events

Internal exceptions (10 events):
Event: 10.205 Thread 0x0000000008fb8000 Exception <a 'java/security/PrivilegedActionException'> (0x00000000ebfdae38) thrown at [C:\re\workspace\8-2-build-windows-amd64-cygwin\jdk8u161\10277\hotspot\src\share\vm\prims\jvm.cpp, line 1390]
Event: 10.205 Thread 0x0000000008fb8000 Exception <a 'java/security/PrivilegedActionException'> (0x00000000ebfdf118) thrown at [C:\re\workspace\8-2-build-windows-amd64-cygwin\jdk8u161\10277\hotspot\src\share\vm\prims\jvm.cpp, line 1390]
Event: 10.205 Thread 0x0000000008fb8000 Exception <a 'java/security/PrivilegedActionException'> (0x00000000ebfdf510) thrown at [C:\re\workspace\8-2-build-windows-amd64-cygwin\jdk8u161\10277\hotspot\src\share\vm\prims\jvm.cpp, line 1390]
Event: 10.222 Thread 0x0000000008fb8000 Exception <a 'java/lang/NoSuchMethodError': java.lang.Object.$anonfun$map$1(Lscala/Function1;Lscala/collection/mutable/Builder;Ljava/lang/Object;)Lscala/collection/mutable/Builder;> (0x00000000ec011898) thrown at [C:\re\workspace\8-2-build-windows-amd64-c
Event: 10.383 Thread 0x0000000008fb8000 Exception <a 'java/lang/NoSuchMethodError': java.lang.Object.$anonfun$$plus$plus$1(Lscala/collection/Set;Ljava/lang/Object;)Lscala/collection/Set;> (0x00000000eb60ef18) thrown at [C:\re\workspace\8-2-build-windows-amd64-cygwin\jdk8u161\10277\hotspot\src\s
Event: 10.388 Thread 0x0000000008fb8000 Exception <a 'java/lang/NoSuchMethodError': java.lang.Object.$anonfun$zipWithIndex$1$adapted(Lscala/collection/mutable/Builder;Lscala/runtime/IntRef;Ljava/lang/Object;)Ljava/lang/Object;> (0x00000000eb708a70) thrown at [C:\re\workspace\8-2-build-windows-a
Event: 10.388 Thread 0x0000000008fb8000 Exception <a 'java/lang/NoSuchMethodError': java.lang.Object.$anonfun$toMap$1(Lscala/Predef$$less$colon$less;Lscala/collection/mutable/Builder;Ljava/lang/Object;)Lscala/collection/mutable/Builder;> (0x00000000eb70dcd0) thrown at [C:\re\workspace\8-2-build
Event: 10.591 Thread 0x0000000008fb8000 Exception <a 'java/lang/NoSuchMethodError': java.lang.Object.$anonfun$$minus$minus$1(Lscala/collection/generic/Subtractable;Ljava/lang/Object;)Lscala/collection/generic/Subtractable;> (0x00000000ec6954d0) thrown at [C:\re\workspace\8-2-build-windows-amd64
Event: 10.592 Thread 0x0000000008fb8000 Exception <a 'java/lang/NoSuchMethodError': java.lang.Object.$anonfun$setAsJavaSetConverter$1(Lscala/collection/convert/DecorateAsJava;Lscala/collection/Set;)Ljava/util/Set;> (0x00000000ec6bfa58) thrown at [C:\re\workspace\8-2-build-windows-amd64-cygwin\j
Event: 10.868 Thread 0x0000000008fb8000 Exception <a 'java/lang/NoSuchMethodError': java.lang.Object.$anonfun$mapAsScalaMapConverter$1(Lscala/collection/convert/DecorateAsScala;Ljava/util/Map;)Lscala/collection/mutable/Map;> (0x00000000eb3fe328) thrown at [C:\re\workspace\8-2-build-windows-amd6

Events (10 events):
Event: 10.868 loading class scala/collection/convert/DecorateAsScala
Event: 10.868 loading class scala/collection/convert/DecorateAsScala done
Event: 10.869 loading class scala/collection/convert/Wrappers$MutableMapWrapper
Event: 10.869 loading class scala/collection/convert/Wrappers$MutableMapWrapper done
Event: 10.869 loading class scala/collection/convert/Wrappers$MapWrapper
Event: 10.869 loading class scala/collection/convert/Wrappers$MapWrapper done
Event: 10.870 loading class scala/collection/convert/Wrappers$JMapWrapper
Event: 10.870 loading class scala/collection/convert/Wrappers$JMapWrapper done
Event: 10.870 loading class scala/collection/convert/Wrappers$JMapWrapperLike
Event: 10.870 loading class scala/collection/convert/Wrappers$JMapWrapperLike done


Dynamic libraries:
0x000000013f460000 - 0x000000013f47c000 	C:\ProgramData\Anaconda3\python.exe
0x0000000077c00000 - 0x0000000077d9f000 	C:\Windows\SYSTEM32\ntdll.dll
0x00000000779e0000 - 0x0000000077aff000 	C:\Windows\system32\kernel32.dll
0x000007fefd900000 - 0x000007fefd96a000 	C:\Windows\system32\KERNELBASE.dll
0x000007fed41f0000 - 0x000007fed45b4000 	C:\ProgramData\Anaconda3\python37.dll
0x000007fefc940000 - 0x000007fefc94c000 	C:\Windows\system32\VERSION.dll
0x000007feffbf0000 - 0x000007feffc8f000 	C:\Windows\system32\msvcrt.dll
0x000007fefe6a0000 - 0x000007fefe711000 	C:\Windows\system32\SHLWAPI.dll
0x000007feffcf0000 - 0x000007feffd57000 	C:\Windows\system32\GDI32.dll
0x0000000077b00000 - 0x0000000077bfa000 	C:\Windows\system32\USER32.dll
0x000007fefdfc0000 - 0x000007fefdfce000 	C:\Windows\system32\LPK.dll
0x000007feff920000 - 0x000007feff9eb000 	C:\Windows\system32\USP10.dll
0x000007feffc90000 - 0x000007feffcdd000 	C:\Windows\system32\WS2_32.dll
0x000007fefe570000 - 0x000007fefe69c000 	C:\Windows\system32\RPCRT4.dll
0x000007feffce0000 - 0x000007feffce8000 	C:\Windows\system32\NSI.dll
0x000007fefe490000 - 0x000007fefe56b000 	C:\Windows\system32\ADVAPI32.dll
0x000007feff820000 - 0x000007feff83f000 	C:\Windows\SYSTEM32\sechost.dll
0x000007fef7300000 - 0x000007fef7316000 	C:\ProgramData\Anaconda3\VCRUNTIME140.dll
0x000007fef7910000 - 0x000007fef7914000 	C:\ProgramData\Anaconda3\api-ms-win-crt-runtime-l1-1-0.dll
0x000007fed4830000 - 0x000007fed492a000 	C:\ProgramData\Anaconda3\ucrtbase.DLL
0x000007feecef0000 - 0x000007feecef3000 	C:\ProgramData\Anaconda3\api-ms-win-core-localization-l1-2-0.dll
0x000007feebf00000 - 0x000007feebf03000 	C:\ProgramData\Anaconda3\api-ms-win-core-processthreads-l1-1-1.dll
0x000007feebce0000 - 0x000007feebce3000 	C:\ProgramData\Anaconda3\api-ms-win-core-file-l1-2-0.dll
0x000007feebcd0000 - 0x000007feebcd3000 	C:\ProgramData\Anaconda3\api-ms-win-core-timezone-l1-1-0.dll
0x000007feebae0000 - 0x000007feebae3000 	C:\ProgramData\Anaconda3\api-ms-win-core-file-l2-1-0.dll
0x000007feeb990000 - 0x000007feeb993000 	C:\ProgramData\Anaconda3\api-ms-win-core-synch-l1-2-0.dll
0x000007feeb980000 - 0x000007feeb984000 	C:\ProgramData\Anaconda3\api-ms-win-crt-string-l1-1-0.dll
0x000007feeb970000 - 0x000007feeb973000 	C:\ProgramData\Anaconda3\api-ms-win-crt-heap-l1-1-0.dll
0x000007feeb960000 - 0x000007feeb964000 	C:\ProgramData\Anaconda3\api-ms-win-crt-stdio-l1-1-0.dll
0x000007feeb950000 - 0x000007feeb954000 	C:\ProgramData\Anaconda3\api-ms-win-crt-convert-l1-1-0.dll
0x000007feeb3e0000 - 0x000007feeb3e5000 	C:\ProgramData\Anaconda3\api-ms-win-crt-math-l1-1-0.dll
0x000007feeb3d0000 - 0x000007feeb3d3000 	C:\ProgramData\Anaconda3\api-ms-win-crt-locale-l1-1-0.dll
0x000007feeb3c0000 - 0x000007feeb3c3000 	C:\ProgramData\Anaconda3\api-ms-win-crt-time-l1-1-0.dll
0x000007feeb3b0000 - 0x000007feeb3b3000 	C:\ProgramData\Anaconda3\api-ms-win-crt-environment-l1-1-0.dll
0x000007feeb2c0000 - 0x000007feeb2c3000 	C:\ProgramData\Anaconda3\api-ms-win-crt-process-l1-1-0.dll
0x000007feeb2b0000 - 0x000007feeb2b3000 	C:\ProgramData\Anaconda3\api-ms-win-crt-conio-l1-1-0.dll
0x000007feeb2a0000 - 0x000007feeb2a3000 	C:\ProgramData\Anaconda3\api-ms-win-crt-filesystem-l1-1-0.dll
0x000007fefe070000 - 0x000007fefe09e000 	C:\Windows\system32\IMM32.DLL
0x000007fefe140000 - 0x000007fefe249000 	C:\Windows\system32\MSCTF.dll
0x000007fefce80000 - 0x000007fefce98000 	C:\Windows\system32\CRYPTSP.dll
0x000007fefcb80000 - 0x000007fefcbc7000 	C:\Windows\system32\rsaenh.dll
0x000007fefd540000 - 0x000007fefd54f000 	C:\Windows\system32\CRYPTBASE.dll
0x000007feeae20000 - 0x000007feeae2f000 	C:\ProgramData\Anaconda3\python3.dll
0x000007feeae00000 - 0x000007feeae18000 	C:\ProgramData\Anaconda3\DLLs\_bz2.pyd
0x000007fee0b90000 - 0x000007fee0bd1000 	C:\ProgramData\Anaconda3\DLLs\_lzma.pyd
0x000007feea7d0000 - 0x000007feea7dd000 	C:\ProgramData\Anaconda3\DLLs\_hashlib.pyd
0x000007fed3470000 - 0x000007fed37b7000 	C:\ProgramData\Anaconda3\Library\bin\libcrypto-1_1-x64.dll
0x000007fefd020000 - 0x000007fefd042000 	C:\Windows\system32\bcrypt.dll
0x000007fef5f50000 - 0x000007fef5f53000 	C:\Windows\system32\api-ms-win-crt-utility-l1-1-0.dll
0x000007feea810000 - 0x000007feea833000 	C:\ProgramData\Anaconda3\DLLs\_ctypes.pyd
0x000007feff9f0000 - 0x000007feffbef000 	C:\Windows\system32\ole32.dll
0x000007feff840000 - 0x000007feff91b000 	C:\Windows\system32\OLEAUT32.dll
0x000007fefe720000 - 0x000007feff4ab000 	C:\Windows\system32\shell32.DLL
0x000007fee06b0000 - 0x000007fee06c5000 	C:\ProgramData\Anaconda3\DLLs\_socket.pyd
0x000007fee01e0000 - 0x000007fee01e9000 	C:\ProgramData\Anaconda3\DLLs\select.pyd
0x000007fedff00000 - 0x000007fedff1f000 	C:\ProgramData\Anaconda3\DLLs\_ssl.pyd
0x000007fefd720000 - 0x000007fefd88d000 	C:\Windows\system32\CRYPT32.dll
0x000007fefd6e0000 - 0x000007fefd6ef000 	C:\Windows\system32\MSASN1.dll
0x000007fedf7a0000 - 0x000007fedf84c000 	C:\ProgramData\Anaconda3\Library\bin\libssl-1_1-x64.dll
0x000007fed2a40000 - 0x000007fed2a48000 	C:\ProgramData\Anaconda3\DLLs\_contextvars.pyd
0x000007fed2a20000 - 0x000007fed2a33000 	C:\ProgramData\Anaconda3\DLLs\_asyncio.pyd
0x000007fed2a10000 - 0x000007fed2a1d000 	C:\ProgramData\Anaconda3\DLLs\_overlapped.pyd
0x000007fefce20000 - 0x000007fefce75000 	C:\Windows\system32\mswsock.dll
0x000007fefc360000 - 0x000007fefc367000 	C:\Windows\System32\wshtcpip.dll
0x000007fed26c0000 - 0x000007fed26d7000 	C:\ProgramData\Anaconda3\DLLs\_sqlite3.pyd
0x000007fed25c0000 - 0x000007fed26bd000 	C:\ProgramData\Anaconda3\Library\bin\sqlite3.dll
0x000007fee01d0000 - 0x000007fee01d9000 	C:\ProgramData\Anaconda3\DLLs\_queue.pyd
0x000007fed2ea0000 - 0x000007fed2fa9000 	C:\ProgramData\Anaconda3\DLLs\unicodedata.pyd
0x000007fed29f0000 - 0x000007fed2a03000 	C:\ProgramData\Anaconda3\lib\site-packages\zmq\backend\cython\constants.cp37-win_amd64.pyd
0x000007fed29e0000 - 0x000007fed29ed000 	C:\ProgramData\Anaconda3\lib\site-packages\zmq\backend\cython\error.cp37-win_amd64.pyd
0x000007fed2800000 - 0x000007fed2870000 	C:\ProgramData\Anaconda3\Library\bin\libzmq-mt-4_2_5.dll
0x000007fed27b0000 - 0x000007fed27fb000 	C:\ProgramData\Anaconda3\Library\bin\libsodium.dll
0x000007fefad10000 - 0x000007fefad37000 	C:\Windows\system32\IPHLPAPI.DLL
0x000007fefacd0000 - 0x000007fefacdb000 	C:\Windows\system32\WINNSI.DLL
0x000007fef75d0000 - 0x000007fef766e000 	C:\Windows\system32\MSVCP140.dll
0x000007fef5f10000 - 0x000007fef5f15000 	C:\Windows\system32\api-ms-win-crt-multibyte-l1-1-0.dll
0x000007fed29c0000 - 0x000007fed29da000 	C:\ProgramData\Anaconda3\lib\site-packages\zmq\backend\cython\message.cp37-win_amd64.pyd
0x000007fed2980000 - 0x000007fed2995000 	C:\ProgramData\Anaconda3\lib\site-packages\zmq\backend\cython\context.cp37-win_amd64.pyd
0x000007fed2780000 - 0x000007fed27a4000 	C:\ProgramData\Anaconda3\lib\site-packages\zmq\backend\cython\socket.cp37-win_amd64.pyd
0x000007fed2770000 - 0x000007fed277f000 	C:\ProgramData\Anaconda3\lib\site-packages\zmq\backend\cython\utils.cp37-win_amd64.pyd
0x000007fed2750000 - 0x000007fed2764000 	C:\ProgramData\Anaconda3\lib\site-packages\zmq\backend\cython\_poll.cp37-win_amd64.pyd
0x000007fed2740000 - 0x000007fed274d000 	C:\ProgramData\Anaconda3\lib\site-packages\zmq\backend\cython\_version.cp37-win_amd64.pyd
0x000007fed2720000 - 0x000007fed2731000 	C:\ProgramData\Anaconda3\lib\site-packages\zmq\backend\cython\_device.cp37-win_amd64.pyd
0x000007fed2ab0000 - 0x000007fed2ab9000 	C:\ProgramData\Anaconda3\lib\site-packages\tornado\speedups.cp37-win_amd64.pyd
0x000007fed2a50000 - 0x000007fed2a94000 	C:\ProgramData\Anaconda3\DLLs\_decimal.pyd
0x000007fefd4e0000 - 0x000007fefd537000 	C:\Windows\system32\apphelp.dll
0x000007fefab00000 - 0x000007fefab11000 	C:\Windows\system32\dhcpcsvc6.DLL
0x000007fefaae0000 - 0x000007fefaaf8000 	C:\Windows\system32\dhcpcsvc.DLL
0x000007fec5670000 - 0x000007fec567a000 	C:\ProgramData\Anaconda3\lib\site-packages\sklearn\__check_build\_check_build.cp37-win_amd64.pyd
0x000007feea870000 - 0x000007feeaa2c000 	C:\ProgramData\Anaconda3\lib\site-packages\numpy\core\multiarray.cp37-win_amd64.pyd
0x000007fed1730000 - 0x000007fed25b2000 	C:\ProgramData\Anaconda3\Library\bin\mkl_rt.dll
0x000007fed4ea0000 - 0x000007fed4f99000 	C:\ProgramData\Anaconda3\lib\site-packages\numpy\core\umath.cp37-win_amd64.pyd
0x000007feea860000 - 0x000007feea869000 	C:\ProgramData\Anaconda3\lib\site-packages\numpy\linalg\lapack_lite.cp37-win_amd64.pyd
0x000007fed4e70000 - 0x000007fed4e99000 	C:\ProgramData\Anaconda3\lib\site-packages\numpy\linalg\_umath_linalg.cp37-win_amd64.pyd
0x000007feea840000 - 0x000007feea85d000 	C:\ProgramData\Anaconda3\lib\site-packages\numpy\core\_multiarray_tests.cp37-win_amd64.pyd
0x000007fed4e60000 - 0x000007fed4e67000 	C:\ProgramData\Anaconda3\lib\site-packages\numpy\_mklinit.cp37-win_amd64.pyd
0x000007fed1710000 - 0x000007fed1726000 	C:\ProgramData\Anaconda3\lib\site-packages\numpy\fft\fftpack_lite.cp37-win_amd64.pyd
0x000007fed16c0000 - 0x000007fed1702000 	C:\ProgramData\Anaconda3\lib\site-packages\mkl_fft\_pydfti.cp37-win_amd64.pyd
0x000007fed1600000 - 0x000007fed16b3000 	C:\ProgramData\Anaconda3\lib\site-packages\numpy\random\mtrand.cp37-win_amd64.pyd
0x000007fecf6f0000 - 0x000007fed15fe000 	C:\ProgramData\Anaconda3\Library\bin\mkl_intel_thread.dll
0x000007fecf510000 - 0x000007fecf6e3000 	C:\ProgramData\Anaconda3\Library\bin\libiomp5md.dll
0x000007fecb250000 - 0x000007fecf50f000 	C:\ProgramData\Anaconda3\Library\bin\mkl_core.dll
0x000007fec7fb0000 - 0x000007fecb246000 	C:\ProgramData\Anaconda3\Library\bin\mkl_avx2.dll
0x000007fec7340000 - 0x000007fec7fa2000 	C:\ProgramData\Anaconda3\Library\bin\mkl_vml_avx2.dll
0x000007fec71e0000 - 0x000007fec71f5000 	C:\ProgramData\Anaconda3\lib\site-packages\scipy\_lib\_ccallback_c.cp37-win_amd64.pyd
0x000007fec62e0000 - 0x000007fec64f6000 	C:\ProgramData\Anaconda3\lib\site-packages\scipy\sparse\_sparsetools.cp37-win_amd64.pyd
0x000007fec6270000 - 0x000007fec62dc000 	C:\ProgramData\Anaconda3\lib\site-packages\scipy\sparse\_csparsetools.cp37-win_amd64.pyd
0x000007fec6230000 - 0x000007fec6262000 	C:\ProgramData\Anaconda3\lib\site-packages\scipy\sparse\csgraph\_shortest_path.cp37-win_amd64.pyd
0x000007fec6200000 - 0x000007fec6221000 	C:\ProgramData\Anaconda3\lib\site-packages\scipy\sparse\csgraph\_tools.cp37-win_amd64.pyd
0x000007fec61d0000 - 0x000007fec61f1000 	C:\ProgramData\Anaconda3\lib\site-packages\scipy\sparse\csgraph\_traversal.cp37-win_amd64.pyd
0x000007fec61a0000 - 0x000007fec61ce000 	C:\ProgramData\Anaconda3\lib\site-packages\scipy\sparse\csgraph\_min_spanning_tree.cp37-win_amd64.pyd
0x000007fec6150000 - 0x000007fec6194000 	C:\ProgramData\Anaconda3\lib\site-packages\scipy\sparse\csgraph\_reordering.cp37-win_amd64.pyd
0x000007fec5650000 - 0x000007fec5667000 	C:\ProgramData\Anaconda3\lib\site-packages\sklearn\utils\murmurhash.cp37-win_amd64.pyd
0x000007fec5640000 - 0x000007fec564a000 	C:\ProgramData\Anaconda3\DLLs\_multiprocessing.pyd
0x000007fedf780000 - 0x000007fedf796000 	C:\ProgramData\Anaconda3\lib\site-packages\psutil\_psutil_windows.cp37-win_amd64.pyd
0x0000000077da0000 - 0x0000000077da7000 	C:\Windows\system32\PSAPI.DLL
0x000007fefc770000 - 0x000007fefc781000 	C:\Windows\system32\WTSAPI32.dll
0x000007fefc090000 - 0x000007fefc0bc000 	C:\Windows\system32\POWRPROF.dll
0x000007fefe2b0000 - 0x000007fefe487000 	C:\Windows\system32\SETUPAPI.dll
0x000007fefd9a0000 - 0x000007fefd9d6000 	C:\Windows\system32\CFGMGR32.dll
0x000007fefd8a0000 - 0x000007fefd8ba000 	C:\Windows\system32\DEVOBJ.dll
0x000007fec7030000 - 0x000007fec7161000 	C:\ProgramData\Anaconda3\lib\site-packages\scipy\special\_ufuncs.cp37-win_amd64.pyd
0x000007fec6de0000 - 0x000007fec6fa1000 	C:\ProgramData\Anaconda3\Library\bin\libifcoremd.dll
0x000007fec69b0000 - 0x000007fec6dc8000 	C:\ProgramData\Anaconda3\Library\bin\libmmd.dll
0x000007feff4b0000 - 0x000007feff4c9000 	C:\Windows\system32\imagehlp.dll
0x000007fec6970000 - 0x000007fec698e000 	C:\ProgramData\Anaconda3\lib\site-packages\scipy\special\_ufuncs_cxx.cp37-win_amd64.pyd
0x000007fec68f0000 - 0x000007fec696e000 	C:\ProgramData\Anaconda3\lib\site-packages\scipy\special\specfun.cp37-win_amd64.pyd
0x000007fec6850000 - 0x000007fec68e2000 	C:\ProgramData\Anaconda3\lib\site-packages\scipy\linalg\_fblas.cp37-win_amd64.pyd

VM Arguments:
jvm_args: -Dfile.encoding=UTF8 -ea -Xmx1024m 
java_command: <unknown>
java_class_path (initial): C:\ProgramData\Anaconda3\lib\site-packages\konlpy\java;C:\ProgramData\Anaconda3\lib\site-packages\konlpy\java\bin;C:\ProgramData\Anaconda3\lib\site-packages\konlpy\java\*;C:\ProgramData\Anaconda3\lib\site-packages\konlpy\java\jhannanum-0.8.4.jar;C:\ProgramData\Anaconda3\lib\site-packages\konlpy\java\kkma-2.0.jar;C:\ProgramData\Anaconda3\lib\site-packages\konlpy\java\aho-corasick.jar;C:\ProgramData\Anaconda3\lib\site-packages\konlpy\java\shineware-common-1.0.jar;C:\ProgramData\Anaconda3\lib\site-packages\konlpy\java\shineware-ds-1.0.jar;C:\ProgramData\Anaconda3\lib\site-packages\konlpy\java\komoran-3.0.jar;C:\ProgramData\Anaconda3\lib\site-packages\konlpy\java\snakeyaml-1.12.jar;C:\ProgramData\Anaconda3\lib\site-packages\konlpy\java\scala-library-2.12.3.jar;C:\ProgramData\Anaconda3\lib\site-packages\konlpy\java\open-korean-text-2.1.0.jar;C:\ProgramData\Anaconda3\lib\site-packages\konlpy\java\twitter-text-1.14.7.jar;C:\ProgramData\Anaconda3\lib\site-packages\konlpy\java\*
Launcher Type: generic

Environment Variables:
JAVA_HOME=C:\Program Files\Java\jdk1.8.0_161
PATH=C:\ProgramData\Anaconda3;C:\ProgramData\Anaconda3\Library\mingw-w64\bin;C:\ProgramData\Anaconda3\Library\usr\bin;C:\ProgramData\Anaconda3\Library\bin;C:\ProgramData\Anaconda3\Scripts;C:\ProgramData\Anaconda3\bin;C:\ProgramData\Anaconda3\condabin;C:\ProgramData\Anaconda3;C:\ProgramData\Anaconda3\Library\mingw-w64\bin;C:\ProgramData\Anaconda3\Library\usr\bin;C:\ProgramData\Anaconda3\Library\bin;C:\ProgramData\Anaconda3\Scripts;C:\ProgramData\Oracle\Java\javapath;C:\Windows\system32;C:\Windows;C:\Windows\System32\Wbem;C:\Windows\System32\WindowsPowerShell\v1.0;C:\Program Files (x86)\NVIDIA Corporation\PhysX\Common;C:\Program Files\Common Files\Autodesk Shared;C:\Program Files\Java\jdk1.8.0_161\bin;C:\Program Files (x86)\AOMEI Backupper;D:\HHS\private\Git\cmd;C:\Users\Administrator\AppData\Local\Programs\Python\Python37-32\Scripts;C:\Users\Administrator\AppData\Local\Programs\Python\Python37-32;C:\Program Files\Bandizip;C:\Users\Administrator\AppData\Local\atom\bin
USERNAME=Administrator
OS=Windows_NT
PROCESSOR_IDENTIFIER=Intel64 Family 6 Model 94 Stepping 3, GenuineIntel



---------------  S Y S T E M  ---------------

OS: Windows 7 , 64 bit Build 7601 (6.1.7601.24441)

CPU:total 4 (initial active 4) (4 cores per cpu, 1 threads per core) family 6 model 94 stepping 3, cmov, cx8, fxsr, mmx, sse, sse2, sse3, ssse3, sse4.1, sse4.2, popcnt, avx, avx2, aes, clmul, erms, rtm, 3dnowpref, lzcnt, tsc, tscinvbit, bmi1, bmi2, adx

Memory: 4k page, physical 8342796k(921172k free), swap 10438048k(5116k free)

vm_info: Java HotSpot(TM) 64-Bit Server VM (25.161-b12) for windows-amd64 JRE (1.8.0_161-b12), built on Dec 19 2017 17:52:25 by "java_re" with MS VC++ 10.0 (VS2010)

time: Fri May 31 17:26:53 2019
elapsed time: 10 seconds (0d 0h 0m 10s)

